2023-11-15 21:22:54,580 [INFO] Activator:176 - 


2023-11-15 21:22:54,587 [INFO] Activator:177 - !SESSION log4j initialized
2023-11-15 21:23:03,111 [ERROR] LogOutputStream:75 - [STDERR_REDIRECT] 
2023-11-15 21:23:04,412 [INFO] LogOutputStream:77 - [STDOUT_REDIRECT] 
2023-11-15 21:23:06,187 [INFO] LogOutputStream:77 - [STDOUT_REDIRECT] 
2023-11-15 21:23:08,842 [INFO] ApplicationProperties:184 - Using Application install path: /Applications/STM32CubeIDE.app/Contents/Eclipse/plugins/com.st.stm32cube.common.mx_6.9.2.202309101412
2023-11-15 21:23:08,862 [INFO] DbMcusXml:78 - Set database path to: /Applications/STM32CubeIDE.app/Contents/Eclipse/plugins/com.st.stm32cube.common.mx_6.9.2.202309101412//db//mcu/
2023-11-15 21:23:08,862 [INFO] ApiDb:274 - Set plugin database path to: /Applications/STM32CubeIDE.app/Contents/Eclipse/plugins/com.st.stm32cube.common.mx_6.9.2.202309101412//db//plugins/boardmanager/
2023-11-15 21:23:08,862 [WARN] ApiDb:259 - Overriding images path with different value:  => /Applications/STM32CubeIDE.app/Contents/Eclipse/plugins/com.st.stm32cube.common.mx_6.9.2.202309101412//db//plugins/mcufinder/images/
2023-11-15 21:23:08,882 [INFO] ApiDb:250 - Set database path to: /Users/stefan/.stmcufinder/plugins/mcufinder//mcu/
2023-11-15 21:23:08,884 [INFO] DbMcusAds:125 - Set database path to: /Users/stefan/.stmcufinder/plugins/mcufinder//mcu/
2023-11-15 21:23:08,886 [INFO] CrossReferenceDbSqlite:203 - Set database path to: /Users/stefan/.stmcufinder/plugins/mcufinder//mcu/cs/
2023-11-15 21:23:09,074 [INFO] RulesReader:64 - Compatibility file has been processed (293 Rules)
2023-11-15 21:23:09,169 [INFO] DbMcusXml:78 - Set database path to: /Applications/STM32CubeIDE.app/Contents/Eclipse/plugins/com.st.stm32cube.common.mx_6.9.2.202309101412//db//mcu/
2023-11-15 21:23:09,169 [INFO] ApiDb:274 - Set plugin database path to: /Applications/STM32CubeIDE.app/Contents/Eclipse/plugins/com.st.stm32cube.common.mx_6.9.2.202309101412//db//plugins/boardmanager/
2023-11-15 21:23:09,169 [INFO] ApiDb:261 - Set plugin images path to: /Applications/STM32CubeIDE.app/Contents/Eclipse/plugins/com.st.stm32cube.common.mx_6.9.2.202309101412//db//plugins/mcufinder/images/
2023-11-15 21:23:09,170 [WARN] DbFile:41 - Overriding database path with different value: /Users/stefan/.stmcufinder/plugins/mcufinder/ => /Users/stefan/.stmcufinder/plugins/mcufinder
2023-11-15 21:23:09,170 [INFO] ApiDb:250 - Set database path to: /Users/stefan/.stmcufinder/plugins/mcufinder//mcu/
2023-11-15 21:23:09,170 [WARN] DbFile:41 - Overriding database path with different value: /Users/stefan/.stmcufinder/plugins/mcufinder/ => /Users/stefan/.stmcufinder/plugins/mcufinder
2023-11-15 21:23:09,170 [INFO] DbMcusAds:125 - Set database path to: /Users/stefan/.stmcufinder/plugins/mcufinder//mcu/
2023-11-15 21:23:09,171 [WARN] DbFile:41 - Overriding database path with different value: /Users/stefan/.stmcufinder/plugins/mcufinder/ => /Users/stefan/.stmcufinder/plugins/mcufinder
2023-11-15 21:23:09,172 [WARN] DbFile:41 - Overriding database path with different value: /Users/stefan/.stmcufinder/plugins/mcufinder/ => /Users/stefan/.stmcufinder/plugins/mcufinder
2023-11-15 21:23:09,173 [INFO] CrossReferenceDbSqlite:203 - Set database path to: /Users/stefan/.stmcufinder/plugins/mcufinder//mcu/cs/
2023-11-15 21:23:09,281 [INFO] MainPanel:262 - HeapMemory: 268435456
2023-11-15 21:23:09,402 [INFO] DbMcusXml:78 - Set database path to: /Applications/STM32CubeIDE.app/Contents/Eclipse/plugins/com.st.stm32cube.common.mx_6.9.2.202309101412//db//mcu/
2023-11-15 21:23:09,402 [INFO] ApiDb:274 - Set plugin database path to: /Applications/STM32CubeIDE.app/Contents/Eclipse/plugins/com.st.stm32cube.common.mx_6.9.2.202309101412//db//plugins/boardmanager/
2023-11-15 21:23:09,402 [INFO] ApiDb:261 - Set plugin images path to: /Applications/STM32CubeIDE.app/Contents/Eclipse/plugins/com.st.stm32cube.common.mx_6.9.2.202309101412//db//plugins/mcufinder/images/
2023-11-15 21:23:09,403 [WARN] DbFile:41 - Overriding database path with different value: /Users/stefan/.stmcufinder/plugins/mcufinder/ => /Users/stefan/.stmcufinder/plugins/mcufinder
2023-11-15 21:23:09,403 [INFO] ApiDb:250 - Set database path to: /Users/stefan/.stmcufinder/plugins/mcufinder//mcu/
2023-11-15 21:23:09,403 [WARN] DbFile:41 - Overriding database path with different value: /Users/stefan/.stmcufinder/plugins/mcufinder/ => /Users/stefan/.stmcufinder/plugins/mcufinder
2023-11-15 21:23:09,403 [INFO] DbMcusAds:125 - Set database path to: /Users/stefan/.stmcufinder/plugins/mcufinder//mcu/
2023-11-15 21:23:09,403 [WARN] DbFile:41 - Overriding database path with different value: /Users/stefan/.stmcufinder/plugins/mcufinder/ => /Users/stefan/.stmcufinder/plugins/mcufinder
2023-11-15 21:23:09,403 [WARN] DbFile:41 - Overriding database path with different value: /Users/stefan/.stmcufinder/plugins/mcufinder/ => /Users/stefan/.stmcufinder/plugins/mcufinder
2023-11-15 21:23:09,403 [INFO] CrossReferenceDbSqlite:203 - Set database path to: /Users/stefan/.stmcufinder/plugins/mcufinder//mcu/cs/
2023-11-15 21:23:09,427 [INFO] ApplicationProperties:184 - Using Application install path: /Applications/STM32CubeIDE.app/Contents/Eclipse/plugins/com.st.stm32cube.common.mx_6.9.2.202309101412
2023-11-15 21:23:09,428 [INFO] PluginManage:196 - Search for loadable plugins [exclusion list=, ]
2023-11-15 21:23:09,432 [INFO] PluginManage:310 - Check plugin analytics
2023-11-15 21:23:09,728 [INFO] AnalyticsPlugin:253 - Accepted Software Licenses: 
2023-11-15 21:23:09,729 [INFO] AnalyticsPlugin:255 - Accepted CMSIS Pack Licenses: 
2023-11-15 21:23:09,729 [INFO] AnalyticsPlugin:257 - Accepted Firmware Licenses: FW.F4.1.27.0
2023-11-15 21:23:09,733 [INFO] PluginManage:359 - Loaded plugin analytics (category:tool,tabindex:-1)
2023-11-15 21:23:09,735 [INFO] PluginManage:310 - Check plugin cadmodel
2023-11-15 21:23:10,299 [INFO] CADModel:105 - Init CAD model plugin
2023-11-15 21:23:10,299 [INFO] PluginManage:359 - Loaded plugin cadmodel (category:power,tabindex:5)
2023-11-15 21:23:10,300 [INFO] PluginManage:310 - Check plugin clock
2023-11-15 21:23:10,319 [INFO] PluginManage:359 - Loaded plugin clock (category:base,tabindex:2)
2023-11-15 21:23:10,320 [INFO] PluginManage:310 - Check plugin ddr
2023-11-15 21:23:10,322 [INFO] PluginManage:359 - Loaded plugin ddr (category:tool,tabindex:6)
2023-11-15 21:23:10,323 [INFO] PluginManage:310 - Check plugin filemanager
2023-11-15 21:23:10,517 [INFO] PluginManage:359 - Loaded plugin filemanager (category:base,tabindex:10)
2023-11-15 21:23:10,518 [INFO] PluginManage:310 - Check plugin ipmanager
2023-11-15 21:23:10,534 [INFO] PluginManage:359 - Loaded plugin ipmanager (category:base,tabindex:5)
2023-11-15 21:23:10,534 [INFO] PluginManage:310 - Check plugin lpbam
2023-11-15 21:23:10,546 [INFO] PluginManage:359 - Loaded plugin lpbam (category:base,tabindex:0)
2023-11-15 21:23:10,546 [INFO] PluginManage:310 - Check plugin memorymap
2023-11-15 21:23:10,560 [INFO] PluginManage:359 - Loaded plugin memorymap (category:base,tabindex:4)
2023-11-15 21:23:10,560 [INFO] PluginManage:310 - Check plugin pinoutandconfiguration
2023-11-15 21:23:10,568 [INFO] PluginManage:359 - Loaded plugin pinoutandconfiguration (category:base,tabindex:1)
2023-11-15 21:23:10,568 [INFO] PluginManage:310 - Check plugin pinoutconfig
2023-11-15 21:23:10,679 [WARN] SupportedApi:132 - Cannot load RTOS API schema: s4s-elt-must-match.1: The content of 'definitions' must match (annotation?, (simpleType | complexType)?, (unique | key | keyref)*)). A problem was found starting at: attribute.
2023-11-15 21:23:10,915 [INFO] PluginManage:359 - Loaded plugin pinoutconfig (category:base,tabindex:0)
2023-11-15 21:23:10,916 [INFO] PluginManage:310 - Check plugin power
2023-11-15 21:23:10,928 [INFO] PluginManage:359 - Loaded plugin power (category:power,tabindex:4)
2023-11-15 21:23:10,929 [INFO] PluginManage:310 - Check plugin projectmanager
2023-11-15 21:23:10,964 [INFO] PluginManage:359 - Loaded plugin projectmanager (category:projectmanager,tabindex:3)
2023-11-15 21:23:10,965 [INFO] PluginManage:310 - Check plugin thirdparty
2023-11-15 21:23:11,185 [INFO] PluginManage:359 - Loaded plugin thirdparty (category:base,tabindex:-1)
2023-11-15 21:23:11,185 [INFO] PluginManage:310 - Check plugin tools
2023-11-15 21:23:11,185 [WARN] IntegrityCheckThread:84 - waiting for thirdparty lock release [integrity check]
2023-11-15 21:23:11,187 [INFO] IntegrityCheckThread:86 - entering critical section [integrity check]
2023-11-15 21:23:11,188 [INFO] PluginManage:359 - Loaded plugin tools (category:base,tabindex:7)
2023-11-15 21:23:11,188 [INFO] ThirdPartyUpdaterWithRetryManager:70 - Updater plugin not ready yet. [1/15]
2023-11-15 21:23:11,189 [INFO] PluginManage:310 - Check plugin tutovideos
2023-11-15 21:23:11,473 [INFO] PluginManage:359 - Loaded plugin tutovideos (category:base,tabindex:-1)
2023-11-15 21:23:11,476 [INFO] PluginManage:310 - Check plugin updater
2023-11-15 21:23:11,521 [INFO] PluginManage:359 - Loaded plugin updater (category:base,tabindex:12)
2023-11-15 21:23:11,522 [INFO] PluginManage:310 - Check plugin userauth
2023-11-15 21:23:11,536 [INFO] UserAuth:113 - Init User Auth plugin
2023-11-15 21:23:11,537 [INFO] PluginManage:359 - Loaded plugin userauth (category:base,tabindex:14)
2023-11-15 21:23:11,538 [INFO] PluginManage:283 - PluginManage : Loaded plugins [17]
2023-11-15 21:23:11,877 [INFO] PinOutPanel:1499 - setPackage(No Configuration,No Configuration)
2023-11-15 21:23:12,022 [INFO] CADModel:165 - CPN selected for project level
2023-11-15 21:23:12,022 [INFO] CADModel:114 - Register for checkConnection events
2023-11-15 21:23:12,040 [INFO] IPUIPlugin:80 - create IPUIPlugin
2023-11-15 21:23:12,041 [INFO] PluginManager:220 - loadIPPluginJar : add mdma
2023-11-15 21:23:12,048 [INFO] IPUIPlugin:80 - create IPUIPlugin
2023-11-15 21:23:12,049 [INFO] PluginManager:220 - loadIPPluginJar : add freertos
2023-11-15 21:23:12,053 [INFO] IPUIPlugin:80 - create IPUIPlugin
2023-11-15 21:23:12,054 [INFO] PluginManager:220 - loadIPPluginJar : add gic
2023-11-15 21:23:12,064 [INFO] IPUIPlugin:80 - create IPUIPlugin
2023-11-15 21:23:12,064 [INFO] PluginManager:220 - loadIPPluginJar : add adc
2023-11-15 21:23:12,068 [INFO] IPUIPlugin:80 - create IPUIPlugin
2023-11-15 21:23:12,068 [INFO] PluginManager:220 - loadIPPluginJar : add gtzc
2023-11-15 21:23:12,069 [INFO] IPUIPlugin:80 - create IPUIPlugin
2023-11-15 21:23:12,070 [INFO] PluginManager:220 - loadIPPluginJar : add quadspi
2023-11-15 21:23:12,072 [INFO] IPUIPlugin:80 - create IPUIPlugin
2023-11-15 21:23:12,072 [INFO] PluginManager:220 - loadIPPluginJar : add aes
2023-11-15 21:23:12,083 [INFO] IPUIPlugin:80 - create IPUIPlugin
2023-11-15 21:23:12,083 [INFO] PluginManager:220 - loadIPPluginJar : add pdm2pcm
2023-11-15 21:23:12,085 [INFO] IPUIPlugin:80 - create IPUIPlugin
2023-11-15 21:23:12,085 [INFO] PluginManager:220 - loadIPPluginJar : add hash
2023-11-15 21:23:12,086 [INFO] IPUIPlugin:80 - create IPUIPlugin
2023-11-15 21:23:12,087 [INFO] PluginManager:220 - loadIPPluginJar : add tim
2023-11-15 21:23:12,088 [INFO] IPUIPlugin:80 - create IPUIPlugin
2023-11-15 21:23:12,088 [INFO] PluginManager:220 - loadIPPluginJar : add tsc
2023-11-15 21:23:12,089 [INFO] IPUIPlugin:80 - create IPUIPlugin
2023-11-15 21:23:12,090 [INFO] PluginManager:220 - loadIPPluginJar : add ts
2023-11-15 21:23:12,093 [INFO] IPUIPlugin:80 - create IPUIPlugin
2023-11-15 21:23:12,094 [INFO] PluginManager:220 - loadIPPluginJar : add can
2023-11-15 21:23:12,097 [INFO] IPUIPlugin:80 - create IPUIPlugin
2023-11-15 21:23:12,097 [INFO] PluginManager:220 - loadIPPluginJar : add dma3
2023-11-15 21:23:12,099 [INFO] IPUIPlugin:80 - create IPUIPlugin
2023-11-15 21:23:12,099 [INFO] PluginManager:220 - loadIPPluginJar : add dfsdm
2023-11-15 21:23:12,101 [INFO] IPUIPlugin:80 - create IPUIPlugin
2023-11-15 21:23:12,101 [INFO] PluginManager:220 - loadIPPluginJar : add spi
2023-11-15 21:23:12,103 [INFO] IPUIPlugin:80 - create IPUIPlugin
2023-11-15 21:23:12,103 [INFO] PluginManager:220 - loadIPPluginJar : add gfxmmu
2023-11-15 21:23:12,104 [INFO] IPUIPlugin:80 - create IPUIPlugin
2023-11-15 21:23:12,104 [INFO] PluginManager:220 - loadIPPluginJar : add genericplugin
2023-11-15 21:23:12,106 [INFO] IPUIPlugin:80 - create IPUIPlugin
2023-11-15 21:23:12,106 [INFO] PluginManager:220 - loadIPPluginJar : add cryp
2023-11-15 21:23:12,113 [INFO] IPUIPlugin:80 - create IPUIPlugin
2023-11-15 21:23:12,113 [INFO] PluginManager:220 - loadIPPluginJar : add gpio
2023-11-15 21:23:12,116 [INFO] IPUIPlugin:80 - create IPUIPlugin
2023-11-15 21:23:12,116 [INFO] PluginManager:220 - loadIPPluginJar : add comp
2023-11-15 21:23:12,120 [INFO] IPUIPlugin:80 - create IPUIPlugin
2023-11-15 21:23:12,120 [INFO] PluginManager:220 - loadIPPluginJar : add tracer_emb
2023-11-15 21:23:12,123 [INFO] IPUIPlugin:80 - create IPUIPlugin
2023-11-15 21:23:12,123 [INFO] PluginManager:220 - loadIPPluginJar : add openamp
2023-11-15 21:23:12,127 [INFO] IPUIPlugin:80 - create IPUIPlugin
2023-11-15 21:23:12,127 [INFO] PluginManager:220 - loadIPPluginJar : add stm32_wpan
2023-11-15 21:23:12,132 [INFO] IPUIPlugin:80 - create IPUIPlugin
2023-11-15 21:23:12,137 [INFO] PluginManager:220 - loadIPPluginJar : add plateformsettings
2023-11-15 21:23:12,144 [INFO] IPUIPlugin:80 - create IPUIPlugin
2023-11-15 21:23:12,144 [INFO] PluginManager:220 - loadIPPluginJar : add ipddr
2023-11-15 21:23:12,146 [INFO] IPUIPlugin:80 - create IPUIPlugin
2023-11-15 21:23:12,146 [INFO] PluginManager:220 - loadIPPluginJar : add usart
2023-11-15 21:23:12,147 [INFO] IPUIPlugin:80 - create IPUIPlugin
2023-11-15 21:23:12,147 [INFO] PluginManager:220 - loadIPPluginJar : add ltdc
2023-11-15 21:23:12,151 [INFO] IPUIPlugin:80 - create IPUIPlugin
2023-11-15 21:23:12,151 [INFO] PluginManager:220 - loadIPPluginJar : add nvic
2023-11-15 21:23:12,153 [INFO] IPUIPlugin:80 - create IPUIPlugin
2023-11-15 21:23:12,153 [INFO] PluginManager:220 - loadIPPluginJar : add fatfs
2023-11-15 21:23:12,160 [INFO] IPUIPlugin:80 - create IPUIPlugin
2023-11-15 21:23:12,160 [INFO] PluginManager:220 - loadIPPluginJar : add linkedlist
2023-11-15 21:23:12,165 [INFO] IPUIPlugin:80 - create IPUIPlugin
2023-11-15 21:23:12,165 [INFO] PluginManager:220 - loadIPPluginJar : add dma
2023-11-15 21:23:12,169 [INFO] IPUIPlugin:80 - create IPUIPlugin
2023-11-15 21:23:12,169 [INFO] PluginManager:220 - loadIPPluginJar : add fmc
2023-11-15 21:23:12,171 [INFO] IPUIPlugin:80 - create IPUIPlugin
2023-11-15 21:23:12,171 [INFO] PluginManager:220 - loadIPPluginJar : add i2s
2023-11-15 21:23:12,172 [INFO] IPUIPlugin:80 - create IPUIPlugin
2023-11-15 21:23:12,172 [INFO] PluginManager:220 - loadIPPluginJar : add ucpd
2023-11-15 21:23:12,174 [INFO] IPUIPlugin:80 - create IPUIPlugin
2023-11-15 21:23:12,175 [INFO] PluginManager:220 - loadIPPluginJar : add lorawan
2023-11-15 21:23:12,177 [INFO] IPUIPlugin:80 - create IPUIPlugin
2023-11-15 21:23:12,177 [INFO] PluginManager:220 - loadIPPluginJar : add opamp
2023-11-15 21:23:12,179 [INFO] IPUIPlugin:80 - create IPUIPlugin
2023-11-15 21:23:12,180 [INFO] PluginManager:220 - loadIPPluginJar : add i3c
2023-11-15 21:23:12,184 [INFO] IPUIPlugin:80 - create IPUIPlugin
2023-11-15 21:23:12,184 [INFO] PluginManager:220 - loadIPPluginJar : add touchsensing
2023-11-15 21:23:12,187 [INFO] IPUIPlugin:80 - create IPUIPlugin
2023-11-15 21:23:12,187 [INFO] PluginManager:220 - loadIPPluginJar : add i2c
2023-11-15 21:23:12,190 [INFO] IPUIPlugin:80 - create IPUIPlugin
2023-11-15 21:23:12,190 [INFO] PluginManager:220 - loadIPPluginJar : add resmgrutility
2023-11-15 21:23:12,194 [INFO] IPUIPlugin:80 - create IPUIPlugin
2023-11-15 21:23:12,194 [INFO] PluginManager:220 - loadIPPluginJar : add sai
2023-11-15 21:23:12,197 [INFO] IPUIPlugin:80 - create IPUIPlugin
2023-11-15 21:23:12,198 [INFO] PluginManager:220 - loadIPPluginJar : add usbx
2023-11-15 21:23:12,333 [INFO] CADModel:165 - CPN selected for project level
2023-11-15 21:23:12,334 [INFO] CADModel:114 - Register for checkConnection events
2023-11-15 21:23:12,334 [FATAL] Updater:308 - Updater called before beeing initialized
2023-11-15 21:23:12,334 [ERROR] CADModel:125 - Updater not yet initialized, retry later 
2023-11-15 21:23:12,684 [INFO] CADModel:165 - CPN selected for project level
2023-11-15 21:23:12,684 [INFO] CADModel:114 - Register for checkConnection events
2023-11-15 21:23:12,685 [FATAL] Updater:308 - Updater called before beeing initialized
2023-11-15 21:23:12,685 [ERROR] CADModel:125 - Updater not yet initialized, retry later 
2023-11-15 21:23:12,689 [FATAL] Updater:308 - Updater called before beeing initialized
2023-11-15 21:23:13,017 [FATAL] Updater:308 - Updater called before beeing initialized
2023-11-15 21:23:13,033 [INFO] DbMcusAds:53 - JSON generation date=Tue Mar 07 03:50:55 EST 2023 (1678179055335)
2023-11-15 21:23:13,033 [FATAL] Updater:308 - Updater called before beeing initialized
2023-11-15 21:23:13,200 [WARN] DetailPanel:346 - Failed to get advertising image, set to default
2023-11-15 21:23:13,330 [FATAL] Updater:308 - Updater called before beeing initialized
2023-11-15 21:23:13,332 [FATAL] Updater:308 - Updater called before beeing initialized
2023-11-15 21:23:13,332 [FATAL] Updater:308 - Updater called before beeing initialized
2023-11-15 21:23:13,332 [WARN] DetailPanel:346 - Failed to get advertising image, set to default
2023-11-15 21:23:13,335 [FATAL] Updater:308 - Updater called before beeing initialized
2023-11-15 21:23:13,452 [ERROR] Updater:1120 - MainUpdater not yet initialized. External WinMGr cannot be set.
2023-11-15 21:23:13,510 [INFO] Updater:1056 - Updater Version found : 6.9.2
2023-11-15 21:23:13,530 [INFO] ApplicationProperties:184 - Using Application install path: /Applications/STM32CubeIDE.app/Contents/Eclipse/plugins/com.st.stm32cube.common.mx_6.9.2.202309101412
2023-11-15 21:23:13,830 [INFO] MainUpdater:2868 - connection check result : 10
2023-11-15 21:23:13,831 [INFO] MainUpdater:285 - Updater Check For Update Now.
2023-11-15 21:23:13,831 [INFO] MicroXplorer:498 - Change Database Version : DB.6.0.92
2023-11-15 21:23:13,844 [INFO] McuFinderGlobals:63 - Set McuFinder mode to 2 (CubeIDE integrated)
2023-11-15 21:23:13,845 [INFO] UserAuth:179 - activating auth plugin
2023-11-15 21:23:13,856 [INFO] UserAuth:393 - Internet connection configuration mode: 1
2023-11-15 21:23:13,874 [INFO] JxBrowserEngine:151 - Initiate JxBrowser Engine with user profile folder
2023-11-15 21:23:14,143 [INFO] CheckServerUpdateThread:120 - End of CheckServer Thread
2023-11-15 21:23:14,396 [WARN] PackLoader:240 - Cannot read IP mode file for STMicroelectronics.X-CUBE-SMBUS.2.1.0
2023-11-15 21:23:14,478 [WARN] PackLoader:240 - Cannot read IP mode file for STMicroelectronics.X-CUBE-AZRTOS-F7.1.1.0
2023-11-15 21:23:14,524 [WARN] PackLoader:240 - Cannot read IP mode file for STMicroelectronics.FP-SNS-MOTENV1.4.3.2
2023-11-15 21:23:14,559 [WARN] PackLoader:240 - Cannot read IP mode file for STMicroelectronics.FP-SNS-FLIGHT1.5.0.2
2023-11-15 21:23:14,584 [WARN] PackLoader:240 - Cannot read IP mode file for STMicroelectronics.X-CUBE-DISPLAY.3.0.0
2023-11-15 21:23:14,616 [WARN] PackLoader:240 - Cannot read IP mode file for STMicroelectronics.X-CUBE-BLE1.7.0.0
2023-11-15 21:23:14,653 [WARN] PackLoader:240 - Cannot read IP mode file for emotas.I-CUBE-CANOPEN.1.3.0
2023-11-15 21:23:14,670 [WARN] PackLoader:240 - Cannot read IP mode file for STMicroelectronics.X-CUBE-TOUCHGFX.4.22.1
2023-11-15 21:23:14,687 [WARN] PackLoader:240 - Cannot read IP mode file for STMicroelectronics.FP-SNS-SMARTAG2.1.2.0
2023-11-15 21:23:14,712 [INFO] LogOutputStream:77 - [STDOUT_REDIRECT] 1 : Invalid condition id : UX_CORESTACK_Condition cause : null
2023-11-15 21:23:14,714 [INFO] LogOutputStream:77 - [STDOUT_REDIRECT] 1 : Invalid condition id : UX_CORESTACK_Condition cause : null
2023-11-15 21:23:14,714 [INFO] LogOutputStream:77 - [STDOUT_REDIRECT] 1 : Invalid condition id : UX_CORESTACK_Condition cause : null
2023-11-15 21:23:14,715 [INFO] LogOutputStream:77 - [STDOUT_REDIRECT] 1 : Invalid condition id : UX_CORESTACK_Condition cause : null
2023-11-15 21:23:14,715 [INFO] LogOutputStream:77 - [STDOUT_REDIRECT] 1 : Invalid condition id : UX_CORESTACK_Condition cause : null
2023-11-15 21:23:14,729 [WARN] PackLoader:240 - Cannot read IP mode file for STMicroelectronics.X-CUBE-AZRTOS-WL.2.0.0
2023-11-15 21:23:14,778 [WARN] PackLoader:240 - Cannot read IP mode file for WES.I-CUBE-Cesium.1.3.0
2023-11-15 21:23:14,802 [WARN] PackLoader:240 - Cannot read IP mode file for STMicroelectronics.X-CUBE-BLE2.3.3.0
2023-11-15 21:23:14,854 [WARN] PackLoader:240 - Cannot read IP mode file for STMicroelectronics.X-CUBE-ALGOBUILD.1.3.0
2023-11-15 21:23:14,908 [WARN] PackLoader:240 - Cannot read IP mode file for STMicroelectronics.X-CUBE-AZRTOS-G0.1.1.0
2023-11-15 21:23:14,940 [WARN] PackLoader:240 - Cannot read IP mode file for STMicroelectronics.X-CUBE-NFC4.3.0.0
2023-11-15 21:23:15,004 [WARN] PackLoader:240 - Cannot read IP mode file for STMicroelectronics.X-CUBE-BLEMGR.3.0.0
2023-11-15 21:23:15,028 [WARN] PackLoader:240 - Cannot read IP mode file for STMicroelectronics.FP-ATR-SIGFOX1.3.2.0
2023-11-15 21:23:15,180 [WARN] PackLoader:240 - Cannot read IP mode file for SEGGER.I-CUBE-embOS.1.3.1
2023-11-15 21:23:15,353 [WARN] PackLoader:240 - Cannot read IP mode file for STMicroelectronics.X-CUBE-GNSS1.6.0.0
2023-11-15 21:23:15,411 [WARN] PackLoader:240 - Cannot read IP mode file for STMicroelectronics.X-CUBE-AZRTOS-F4.1.1.0
2023-11-15 21:23:15,425 [WARN] PackLoader:240 - Cannot read IP mode file for wolfSSL.I-CUBE-wolfSSL.5.6.3
2023-11-15 21:23:15,469 [WARN] PackLoader:240 - Cannot read IP mode file for STMicroelectronics.X-CUBE-AZRTOS-L5.2.0.0
2023-11-15 21:23:15,496 [WARN] PackLoader:240 - Cannot read IP mode file for STMicroelectronics.X-CUBE-EEPRMA1.4.2.0
2023-11-15 21:23:15,510 [WARN] PackLoader:240 - Cannot read IP mode file for ITTIA_DB.I-CUBE-ITTIADB.8.8.0
2023-11-15 21:23:15,531 [WARN] PackLoader:240 - Cannot read IP mode file for STMicroelectronics.X-CUBE-BLEMGR.2.0.0
2023-11-15 21:23:15,646 [WARN] ConditionMgr:438 - getConditionDescription Invalid condition id : UX DEVICE CLASS RTOS Condition cause : null
2023-11-15 21:23:15,650 [WARN] ConditionMgr:438 - getConditionDescription Invalid condition id : UX DEVICE CLASS RTOS Condition cause : null
2023-11-15 21:23:15,662 [WARN] PackLoader:240 - Cannot read IP mode file for STMicroelectronics.X-CUBE-AZRTOS-H7.3.1.0
2023-11-15 21:23:15,672 [WARN] ConditionMgr:1039 - genDependencies : Invalid condition id : UX DEVICE CLASS RTOS Condition cause : null
2023-11-15 21:23:15,673 [WARN] ConditionMgr:1039 - genDependencies : Invalid condition id : UX DEVICE CLASS RTOS Condition cause : null
2023-11-15 21:23:15,675 [WARN] ConditionMgr:1039 - genDependencies : Invalid condition id : UX DEVICE CLASS RTOS Condition cause : null
2023-11-15 21:23:15,676 [WARN] ConditionMgr:1039 - genDependencies : Invalid condition id : UX DEVICE CLASS RTOS Condition cause : null
2023-11-15 21:23:15,676 [WARN] ConditionMgr:1039 - genDependencies : Invalid condition id : UX DEVICE CLASS RTOS Condition cause : null
2023-11-15 21:23:15,720 [WARN] PackLoader:240 - Cannot read IP mode file for STMicroelectronics.X-CUBE-NFC7.1.0.1
2023-11-15 21:23:15,766 [WARN] PackLoader:240 - Cannot read IP mode file for STMicroelectronics.X-CUBE-NFC6.3.0.0
2023-11-15 21:23:15,787 [WARN] PackLoader:240 - Cannot read IP mode file for STMicroelectronics.X-CUBE-EEPRMA1.4.1.0
2023-11-15 21:23:15,805 [WARN] PackLoader:240 - Cannot read IP mode file for STMicroelectronics.X-CUBE-AI.8.1.0
2023-11-15 21:23:15,844 [WARN] ConditionMgr:438 - getConditionDescription Invalid condition id : LAN8742 Phy interface Condition cause : null
2023-11-15 21:23:15,846 [WARN] PackLoader:240 - Cannot read IP mode file for STMicroelectronics.X-CUBE-AZRTOS-L4.2.0.0
2023-11-15 21:23:15,857 [WARN] ConditionMgr:1039 - genDependencies : Invalid condition id : LAN8742 Phy interface Condition cause : null
2023-11-15 21:23:15,858 [WARN] ConditionMgr:1039 - genDependencies : Invalid condition id : LAN8742 Phy interface Condition cause : null
2023-11-15 21:23:15,860 [WARN] ConditionMgr:1039 - genDependencies : Invalid condition id : LAN8742 Phy interface Condition cause : null
2023-11-15 21:23:15,886 [WARN] PackLoader:240 - Cannot read IP mode file for STMicroelectronics.X-CUBE-SFXS2LP1.4.0.0
2023-11-15 21:23:15,896 [WARN] PackLoader:240 - Cannot read IP mode file for STMicroelectronics.X-CUBE-ISPU.1.1.0
2023-11-15 21:23:15,917 [WARN] ConditionMgr:438 - getConditionDescription Invalid condition id : UX DEVICE CLASS RTOS Condition cause : null
2023-11-15 21:23:15,918 [WARN] ConditionMgr:438 - getConditionDescription Invalid condition id : UX DEVICE CLASS RTOS Condition cause : null
2023-11-15 21:23:15,924 [WARN] PackLoader:240 - Cannot read IP mode file for STMicroelectronics.X-CUBE-AZRTOS-WB.2.0.0
2023-11-15 21:23:15,931 [WARN] ConditionMgr:1039 - genDependencies : Invalid condition id : UX DEVICE CLASS RTOS Condition cause : null
2023-11-15 21:23:15,931 [WARN] ConditionMgr:1039 - genDependencies : Invalid condition id : UX DEVICE CLASS RTOS Condition cause : null
2023-11-15 21:23:15,933 [WARN] ConditionMgr:1039 - genDependencies : Invalid condition id : UX DEVICE CLASS RTOS Condition cause : null
2023-11-15 21:23:15,933 [WARN] ConditionMgr:1039 - genDependencies : Invalid condition id : UX DEVICE CLASS RTOS Condition cause : null
2023-11-15 21:23:15,934 [WARN] ConditionMgr:1039 - genDependencies : Invalid condition id : UX DEVICE CLASS RTOS Condition cause : null
2023-11-15 21:23:15,968 [WARN] PackLoader:240 - Cannot read IP mode file for STMicroelectronics.X-CUBE-SUBG2.5.0.0
2023-11-15 21:23:16,013 [WARN] PackLoader:240 - Cannot read IP mode file for STMicroelectronics.X-CUBE-TOF1.3.3.1
2023-11-15 21:23:16,102 [WARN] PackLoader:240 - Cannot read IP mode file for STMicroelectronics.X-CUBE-AZRTOS-G4.2.0.0
2023-11-15 21:23:16,172 [WARN] PackLoader:240 - Cannot read IP mode file for Infineon.AIROC-Wi-Fi-Bluetooth-STM32.1.5.1
2023-11-15 21:23:16,195 [WARN] PackLoader:240 - Cannot read IP mode file for STMicroelectronics.FP-SNS-MOTENVWB1.1.3.0
2023-11-15 21:23:16,379 [WARN] PackLoader:240 - Cannot read IP mode file for STMicroelectronics.X-CUBE-MEMS1.10.0.0
2023-11-15 21:23:16,620 [WARN] PackLoader:240 - Cannot read IP mode file for STMicroelectronics.X-CUBE-FREERTOS.1.1.0
2023-11-15 21:23:16,638 [WARN] PackLoader:240 - Cannot read IP mode file for portGmbH.I-Cube-SoM-uGOAL.1.1.0
2023-11-15 21:23:16,650 [WARN] PackLoader:240 - Cannot read IP mode file for STMicroelectronics.X-CUBE-ALS.1.0.1
2023-11-15 21:23:16,655 [WARN] PackLoader:240 - Cannot read IP mode file for STMicroelectronics.FP-ATR-ASTRA1.2.0.0
2023-11-15 21:23:16,666 [INFO] ThirdParty:978 - Integrity check success = true
2023-11-15 21:23:16,667 [INFO] IntegrityCheckThread:100 - exiting critical section [integrity check]
2023-11-15 21:23:16,669 [INFO] IntegrityCheckThread:103 - End integrity checks thread
2023-11-15 21:23:22,982 [INFO] WebApp:157 - Instantiating new browser for Auth
2023-11-15 21:23:24,508 [INFO] WebApp:753 - Register for checkConnection events
2023-11-15 21:23:24,510 [INFO] WebApp:390 - Apply proxy settings
2023-11-15 21:23:24,539 [INFO] WebApp:455 - Chromium authenticates against System proxy
2023-11-15 21:23:24,803 [INFO] WebApp:188 - Starting web application
2023-11-15 21:23:24,803 [INFO] WebApp:520 - Web application path used /Applications/STM32CubeIDE.app/Contents/Eclipse/plugins/com.st.stm32cube.common.mx_6.9.2.202309101412/db/plugins/mcufinder/reactClient1/index.html
2023-11-15 21:23:47,096 [ERROR] LogOutputStream:75 - [STDERR_REDIRECT] SLF4J: Failed to load class "org.slf4j.impl.StaticLoggerBinder".
2023-11-15 21:23:47,098 [ERROR] LogOutputStream:75 - [STDERR_REDIRECT] SLF4J: Defaulting to no-operation (NOP) logger implementation
2023-11-15 21:23:47,099 [ERROR] LogOutputStream:75 - [STDERR_REDIRECT] SLF4J: See http://www.slf4j.org/codes.html#StaticLoggerBinder for further details.
2023-11-15 22:24:22,180 [INFO] McuFinderGlobals:63 - Set McuFinder mode to 2 (CubeIDE integrated)
2023-11-15 22:24:24,297 [INFO] MainUpdater:2868 - connection check result : 10
2023-11-15 22:24:24,298 [INFO] MainUpdater:2868 - connection check result : 10
2023-11-15 22:24:25,285 [INFO] MicroXplorer:468 - Change Database Path : 
2023-11-15 22:24:25,286 [INFO] MicroXplorer:498 - Change Database Version : DB.6.0.92
2023-11-15 22:24:25,291 [WARN] ThirdParty:871 - waiting for thirdparty lock release [close project]
2023-11-15 22:24:25,291 [INFO] ThirdParty:873 - entering critical section [close project]
2023-11-15 22:24:25,304 [INFO] ThirdParty:883 - exiting critical section [close project]
2023-11-15 22:24:25,311 [INFO] PinOutPanel:1499 - setPackage(No Configuration,No Configuration)
2023-11-15 22:24:25,376 [INFO] UtilMem:75 - Begin LoadConfig() Used Memory: 305052000 Bytes (587202560)
2023-11-15 22:24:25,378 [INFO] MicroXplorer:468 - Change Database Path : 
2023-11-15 22:24:25,378 [INFO] MicroXplorer:498 - Change Database Version : DB.6.0.92
2023-11-15 22:24:25,378 [INFO] OpenFileManager:308 - Change cursor
2023-11-15 22:24:25,567 [INFO] Mcu:1946 - Initializing MCU STM32F401R(D-E)Tx STM32F401RETx STM32F401RET6
2023-11-15 22:24:27,927 [INFO] Context:659 - Trying to add GPIOservice into a context  which must be forbidden
2023-11-15 22:24:29,276 [INFO] RtosManager:555 - Registered RTOS mode: class=CMSIS, group=RTOS, mode=CMSIS_V1, owner=FREERTOS
2023-11-15 22:24:29,280 [INFO] RtosManager:555 - Registered RTOS mode: class=CMSIS, group=RTOS2, mode=CMSIS_V2, owner=FREERTOS
2023-11-15 22:24:29,281 [INFO] RtosManager:555 - Registered RTOS mode: class=RTOS, group=Core, mode=CMSIS_V1, owner=FREERTOS
2023-11-15 22:24:29,281 [INFO] RtosManager:555 - Registered RTOS mode: class=RTOS, group=Core, mode=CMSIS_V2, owner=FREERTOS
2023-11-15 22:24:29,283 [WARN] ModelIntegratedComponent:184 - Missing modes for component STMicroelectronics:FreeRTOS:0.0.1:STMicroelectronics:RTOS:FreeRTOS:Core:::10.2.0:
2023-11-15 22:24:29,401 [WARN] ModelIntegratedComponent:63 - No mode defined for component null
2023-11-15 22:24:29,403 [WARN] ModelIntegratedComponent:63 - No mode defined for component null
2023-11-15 22:24:29,403 [WARN] ModelIntegratedComponent:63 - No mode defined for component null
2023-11-15 22:24:29,403 [WARN] ModelIntegratedComponent:63 - No mode defined for component null
2023-11-15 22:24:29,403 [WARN] ModelIntegratedComponent:63 - No mode defined for component null
2023-11-15 22:24:29,404 [WARN] ModelIntegratedComponent:63 - No mode defined for component null
2023-11-15 22:24:29,404 [WARN] ModelIntegratedComponent:63 - No mode defined for component null
2023-11-15 22:24:29,404 [WARN] ModelIntegratedComponent:63 - No mode defined for component null
2023-11-15 22:24:29,404 [WARN] ModelIntegratedComponent:63 - No mode defined for component null
2023-11-15 22:24:29,404 [WARN] ModelIntegratedComponent:63 - No mode defined for component null
2023-11-15 22:24:29,404 [WARN] ModelIntegratedComponent:63 - No mode defined for component null
2023-11-15 22:24:29,404 [WARN] ModelIntegratedComponent:63 - No mode defined for component null
2023-11-15 22:24:29,404 [WARN] ModelIntegratedComponent:63 - No mode defined for component null
2023-11-15 22:24:29,404 [WARN] ModelIntegratedComponent:63 - No mode defined for component null
2023-11-15 22:24:29,404 [WARN] ModelIntegratedComponent:63 - No mode defined for component null
2023-11-15 22:24:29,404 [WARN] ModelIntegratedComponent:63 - No mode defined for component null
2023-11-15 22:24:29,404 [WARN] ModelIntegratedComponent:63 - No mode defined for component null
2023-11-15 22:24:29,404 [WARN] ModelIntegratedComponent:63 - No mode defined for component null
2023-11-15 22:24:29,404 [WARN] ModelIntegratedComponent:63 - No mode defined for component null
2023-11-15 22:24:29,404 [WARN] ModelIntegratedComponent:63 - No mode defined for component null
2023-11-15 22:24:29,404 [WARN] ModelIntegratedComponent:63 - No mode defined for component null
2023-11-15 22:24:29,404 [WARN] ModelIntegratedComponent:63 - No mode defined for component null
2023-11-15 22:24:29,405 [WARN] ModelIntegratedComponent:63 - No mode defined for component null
2023-11-15 22:24:29,405 [WARN] ModelIntegratedComponent:63 - No mode defined for component null
2023-11-15 22:24:29,405 [WARN] ModelIntegratedComponent:63 - No mode defined for component null
2023-11-15 22:24:29,405 [WARN] ModelIntegratedComponent:63 - No mode defined for component null
2023-11-15 22:24:29,405 [WARN] ModelIntegratedComponent:63 - No mode defined for component null
2023-11-15 22:24:29,405 [WARN] ModelIntegratedComponent:63 - No mode defined for component null
2023-11-15 22:24:29,405 [WARN] ModelIntegratedComponent:63 - No mode defined for component null
2023-11-15 22:24:29,405 [WARN] ModelIntegratedComponent:63 - No mode defined for component null
2023-11-15 22:24:29,405 [WARN] ModelIntegratedComponent:63 - No mode defined for component null
2023-11-15 22:24:29,405 [WARN] ModelIntegratedComponent:63 - No mode defined for component null
2023-11-15 22:24:29,405 [WARN] ModelIntegratedComponent:63 - No mode defined for component null
2023-11-15 22:24:29,671 [INFO] ThirdPartyModel:298 - Start build external matchings
2023-11-15 22:24:30,063 [INFO] ThirdPartyModel:316 - End build external matchings
2023-11-15 22:24:30,704 [INFO] UtilMem:75 - End LoadConfig() Used Memory: 212191552 Bytes (587202560)
2023-11-15 22:24:31,335 [INFO] ApiDb:581 - Connected to CubeFinder SQLite database (/Users/stefan/.stmcufinder/plugins/mcufinder/mcu/cube-finder-db.db)
2023-11-15 22:24:31,440 [INFO] ApiDb:668 - CubeFinder database Data Model version=2.1
2023-11-15 22:24:31,440 [INFO] ApiDb:669 - CubeFinder database Configuration version=3.0.37
2023-11-15 22:24:31,456 [INFO] ApiDb:670 - CubeFinder database generation date=2023-10-13 (1697197505)
2023-11-15 22:24:31,456 [INFO] ApiDb:671 - CubeFinder database FW Pack versions=[FP-ATR-ASTRA1_V2.0.0, FP-SNS-FLIGHT1_V5.0.1, FP-SNS-FLIGHT1_V5.0.2, FP-SNS-MOTENV1_V4.3.1, FP-SNS-MOTENV1_V4.3.2, FP-SNS-SMARTAG2_V1.2.0, I-CUBE-ITTIADB_V8.6.3-1, STM32Cube_FW_C0_V1.1.0, STM32Cube_FW_F4_V1.27.1, STM32Cube_FW_F7_V1.17.0, STM32Cube_FW_G0_V1.6.1, STM32Cube_FW_G4_V1.5.1, STM32Cube_FW_H5_V0.5.1, STM32Cube_FW_H5_V1.1.1, STM32Cube_FW_H7_V1.11.0, STM32Cube_FW_L0_V1.12.2, STM32Cube_FW_L5_V1.5.0, STM32Cube_FW_U5_V1.3.0, STM32Cube_FW_U5_V1.3.0RC4, STM32Cube_FW_WBA_V1.0.0RC1, STM32Cube_FW_WBA_V1.1.0RC1, STM32Cube_FW_WBA_V1.1.1, STM32Cube_FW_WB_V1.15.0RC1, STM32Cube_FW_WB_V1.16.0, STM32Cube_FW_WB_V1.16.0RC2, STM32Cube_FW_WB_V1.17.3, STM32Cube_FW_WL_V1.3.0, X-CUBE-ALGOBUILD_V1.3.0, X-CUBE-ALS_V1.0.1, X-CUBE-AZRTOS-F4_V1.1.0, X-CUBE-AZRTOS-F7_V1.1.0, X-CUBE-AZRTOS-G0_V1.1.0, X-CUBE-AZRTOS-G4_V2.0.0, X-CUBE-AZRTOS-H7_V3.1.0, X-CUBE-AZRTOS-L4_V1.0.0, X-CUBE-AZRTOS-L4_V2.0.0, X-CUBE-AZRTOS-L5_V1.1.0, X-CUBE-AZRTOS-WB_V2.0.0, X-CUBE-AZRTOS-WL_V2.0.0, X-CUBE-BLE1_V7.0.0, X-CUBE-BLE2_V3.3.0, X-CUBE-BLEMGR_V2.0.0, X-CUBE-EEPRMA1_V4.1.0, X-CUBE-FREERTOS_V1.1.0, X-CUBE-GNSS1_V6.0.0, X-CUBE-MEMS1_V10.0.0, X-CUBE-MEMS1_V9.1.0, X-CUBE-MEMS1_V9.4.0, X-CUBE-MEMS1_V9.6.0, X-CUBE-NFC4_V3.0.0, X-CUBE-NFC7_V1.0.1, X-CUBE-SFXS2LP1_V4.0.0, X-CUBE-SUBG2_V5.0.0, X-CUBE-TOF1_V3.3.1]
2023-11-15 22:24:33,639 [INFO] ApiDb:240 - Found 323 in-development CPN: [B-G473E-ZEST1S, B-WB1M-WPAN1, B-WL5M-SUBG1, NUCLEO-C031C6, NUCLEO-H503RB, NUCLEO-H563ZI, NUCLEO-U545RE-Q, NUCLEO-U5A5ZJ-Q, NUCLEO-WBA52CG, STEVAL-PROTEUS1, STEVAL-SMARTAG2, STEVAL-STWINBX1, STM320518-EVAL, STM32C0116-DK, STM32C011D6Y3TR, STM32C011D6Y6TR, STM32C011F4P3, STM32C011F4P6, STM32C011F4U3, STM32C011F4U6TR, STM32C011F6P3, STM32C011F6P6, STM32C011F6U3, STM32C011F6U6TR, STM32C011J4M3, STM32C011J4M6, STM32C011J6M3, STM32C011J6M6, STM32C0316-DK, STM32C031C4T3, STM32C031C4T6, STM32C031C4U3, STM32C031C4U6, STM32C031C6T3, STM32C031C6T6, STM32C031C6U3, STM32C031C6U6, STM32C031F4P3, STM32C031F4P6, STM32C031F6P3, STM32C031F6P6, STM32C031G4U3, STM32C031G4U6, STM32C031G6U3, STM32C031G6U6, STM32C031K4T3, STM32C031K4T6, STM32C031K4U3, STM32C031K4U6, STM32C031K6T3, STM32C031K6T6, STM32C031K6U3, STM32C031K6U6, STM32G071K8TXN, STM32G071K8UXN, STM32G081GBU6N, STM32G081KBT6N, STM32G081KBUXN, STM32G0B1CCT6N, STM32G0B1KCT6, STM32G0B1NEY6TR, STM32G0B1RCT6N, STM32G0C1CCT6, STM32G0C1CCT6N, STM32G0C1CCU6N, STM32G0C1CET6N, STM32G0C1CEU6N, STM32G0C1KCT6, STM32G0C1NEY6TR, STM32G0C1RCI6N, STM32G0C1RCT6N, STM32G0C1REI6N, STM32G0C1RET6N, STM32G0C1VCI6, STM32G0C1VEI6, STM32G471CCT6, STM32G471CCU6, STM32G471CET3, STM32G471CET6, STM32G471CEU3, STM32G471CEU6, STM32G471MCT6, STM32G471MET3, STM32G471MET6, STM32G471MEY6TR, STM32G471QCT6, STM32G471QET3, STM32G471RCT6, STM32G471RET3, STM32G471RET6, STM32G471VCH6, STM32G471VCI6, STM32G471VCT6, STM32G471VEH3, STM32G471VEH6, STM32G471VEI3, STM32G471VEI6, STM32G471VET3, STM32G471VET6, STM32G474CCT6, STM32H503CBT6, STM32H503CBU6, STM32H503EBY6TR, STM32H503KBU6, STM32H503RBT6, STM32H562AGI6, STM32H562AII6, STM32H562IGK6, STM32H562IGT6, STM32H562IIK6, STM32H562IIT6, STM32H562RGT6, STM32H562RGV6, STM32H562RIT6, STM32H562RIV6, STM32H562VGT6, STM32H562VIT6, STM32H562ZGT6, STM32H562ZIT6, STM32H563AGI6, STM32H563AII3Q, STM32H563AII6, STM32H563IGK6, STM32H563IGT6, STM32H563IIK3Q, STM32H563IIK6, STM32H563IIT3Q, STM32H563IIT6, STM32H563MIY3QTR, STM32H563RGT6, STM32H563RGV6, STM32H563RIT6, STM32H563RIV6, STM32H563VGT6, STM32H563VIT3Q, STM32H563VIT6, STM32H563ZGT6, STM32H563ZIT3Q, STM32H563ZIT6, STM32H573AII3Q, STM32H573AII6, STM32H573I-DK, STM32H573IIK3Q, STM32H573IIK6, STM32H573IIT3Q, STM32H573IIT6, STM32H573MIY3QTR, STM32H573RIT6, STM32H573RIV6, STM32H573VIT3Q, STM32H573VIT6, STM32H573ZIT3Q, STM32H573ZIT6, STM32L4R5QGI6STR, STM32MP131AAE3, STM32MP131AAF3, STM32MP131AAG3, STM32MP131CAE3, STM32MP131CAF3, STM32MP131CAG3, STM32MP131DAE7, STM32MP131DAF7, STM32MP131DAG7, STM32MP131FAE7, STM32MP131FAF7, STM32MP131FAG7, STM32MP133AAE3, STM32MP133AAF3, STM32MP133AAG3, STM32MP133CAE3, STM32MP133CAF3, STM32MP133CAG3, STM32MP133DAE7, STM32MP133DAF7, STM32MP133DAG7, STM32MP133FAE7, STM32MP133FAF7, STM32MP133FAG7, STM32MP135AAE3, STM32MP135AAF3, STM32MP135AAG3, STM32MP135CAE3, STM32MP135CAF3, STM32MP135CAG3, STM32MP135DAE7, STM32MP135DAF7, STM32MP135DAG7, STM32MP135F-DK, STM32MP135FAE7, STM32MP135FAF7, STM32MP135FAF7T, STM32MP135FAF7U, STM32MP135FAG7, STM32U535CBT6, STM32U535CBT6Q, STM32U535CBU6, STM32U535CBU6Q, STM32U535CCT6, STM32U535CCT6Q, STM32U535CCU6, STM32U535CCU6Q, STM32U535CET6, STM32U535CET6Q, STM32U535CEU6, STM32U535CEU6Q, STM32U535JEY6QTR, STM32U535NCY6QTR, STM32U535NEY6QTR, STM32U535RBI6, STM32U535RBI6Q, STM32U535RBT6, STM32U535RBT6Q, STM32U535RCI6, STM32U535RCI6Q, STM32U535RCT6, STM32U535RCT6Q, STM32U535REI6, STM32U535REI6Q, STM32U535RET6, STM32U535RET6Q, STM32U535VCI6, STM32U535VCI6Q, STM32U535VCT6, STM32U535VCT6Q, STM32U535VEI6, STM32U535VEI6Q, STM32U535VET6, STM32U535VET6Q, STM32U545CET6, STM32U545CET6Q, STM32U545CEU6, STM32U545CEU6Q, STM32U545JEY6QTR, STM32U545NEY6QTR, STM32U545REI6, STM32U545REI6Q, STM32U545RET6, STM32U545RET6Q, STM32U545VEI6, STM32U545VEI6Q, STM32U545VET6, STM32U545VET6Q, STM32U595AIH6, STM32U595AIH6Q, STM32U595AJH6, STM32U595AJH6Q, STM32U595QII6, STM32U595QII6Q, STM32U595QJI6, STM32U595QJI6Q, STM32U595RIT6, STM32U595RIT6Q, STM32U595RJT6, STM32U595RJT6Q, STM32U595VIT6, STM32U595VIT6Q, STM32U595VJT6, STM32U595VJT6Q, STM32U595ZIT6, STM32U595ZIT6Q, STM32U595ZIY6QTR, STM32U595ZJT6, STM32U595ZJT6Q, STM32U595ZJY6QTR, STM32U599BJY6QTR, STM32U599NIH6Q, STM32U599NJH6Q, STM32U599VIT6Q, STM32U599VJT6, STM32U599VJT6Q, STM32U599ZIT6Q, STM32U599ZIY6QTR, STM32U599ZJT6Q, STM32U599ZJY6QTR, STM32U5A5AJH6, STM32U5A5AJH6Q, STM32U5A5QJI6, STM32U5A5QJI6Q, STM32U5A5RJT6, STM32U5A5RJT6Q, STM32U5A5VJT6, STM32U5A5VJT6Q, STM32U5A5ZJT6, STM32U5A5ZJT6Q, STM32U5A5ZJY6QTR, STM32U5A9BJY6QTR, STM32U5A9J-DK, STM32U5A9NJH6Q, STM32U5A9VJT6Q, STM32U5A9ZJT6Q, STM32U5A9ZJY6QTR, STM32U5F7VIT6, STM32U5F7VIT6Q, STM32U5F7VJT6, STM32U5F7VJT6Q, STM32U5F9BJY6QTR, STM32U5F9NJH6Q, STM32U5F9VIT6Q, STM32U5F9VJT6Q, STM32U5F9ZIJ6QTR, STM32U5F9ZIT6Q, STM32U5F9ZJJ6QTR, STM32U5F9ZJT6Q, STM32U5G7VJT6, STM32U5G7VJT6Q, STM32U5G9BJY6QTR, STM32U5G9J-DK1, STM32U5G9J-DK2, STM32U5G9NJH6Q, STM32U5G9VJT6Q, STM32U5G9ZJJ6QTR, STM32U5G9ZJT6Q, STM32WB1MMCH6, STM32WBA52CEU6, STM32WBA52CEU6T, STM32WBA52CGU6, STM32WBA52CGU6T, STM32WBA52KEU6, STM32WBA52KEU6T, STM32WBA52KGU6, STM32WBA52KGU6T, STM32WL5MOCH6, STM32WL5MOCH6TR]
2023-11-15 22:24:33,646 [INFO] DbMcus:217 - Found 3848 MCUs, 3848 are supported
2023-11-15 22:24:33,649 [INFO] ApiDb:423 - Load user favorites file /Users/stefan/.stm32cubeide/favorites.mcus.txt: 0 item(s)
2023-11-15 22:24:33,650 [INFO] ApiDb:427 - User favorites MCUs=[]
2023-11-15 22:24:33,650 [INFO] DbMcus:223 - Set 0 / 0 favorites MCUs
2023-11-15 22:24:34,216 [WARN] ThirdParty:833 - waiting for thirdparty lock release [change project]
2023-11-15 22:24:34,217 [INFO] ThirdParty:835 - entering critical section [change project]
2023-11-15 22:24:34,217 [INFO] ThirdParty:1030 - CMSIS Pack Vendor :STMicroelectronics X-CUBE-ISPU 1.1.0
2023-11-15 22:24:34,218 [INFO] ThirdParty:1030 - CMSIS Pack Vendor :STMicroelectronics USBPD 4.1
2023-11-15 22:24:34,218 [INFO] ThirdParty:1030 - CMSIS Pack Vendor :STMicroelectronics X-CUBE-GNSS1 6.0.0
2023-11-15 22:24:34,218 [INFO] ThirdParty:1030 - CMSIS Pack Vendor :STMicroelectronics USB_HOST 2.0.0
2023-11-15 22:24:34,218 [INFO] ThirdParty:1030 - CMSIS Pack Vendor :STMicroelectronics X-CUBE-AZRTOS-F4 1.1.0
2023-11-15 22:24:34,218 [INFO] ThirdParty:1030 - CMSIS Pack Vendor :STMicroelectronics LIBJPEG 8.0.0
2023-11-15 22:24:34,218 [INFO] ThirdParty:1030 - CMSIS Pack Vendor :wolfSSL I-CUBE-wolfSSL 5.6.3
2023-11-15 22:24:34,218 [INFO] ThirdParty:1030 - CMSIS Pack Vendor :STMicroelectronics X-CUBE-SMBUS 2.1.0
2023-11-15 22:24:34,218 [INFO] ThirdParty:1030 - CMSIS Pack Vendor :STMicroelectronics USB_DEVICE 3.0.0
2023-11-15 22:24:34,218 [INFO] ThirdParty:1030 - CMSIS Pack Vendor :STMicroelectronics X-CUBE-AZRTOS-WB 2.0.0
2023-11-15 22:24:34,218 [INFO] ThirdParty:1030 - CMSIS Pack Vendor :STMicroelectronics X-CUBE-AZRTOS-F7 1.1.0
2023-11-15 22:24:34,218 [INFO] ThirdParty:1030 - CMSIS Pack Vendor :STMicroelectronics X-CUBE-AZRTOS-L5 2.0.0
2023-11-15 22:24:34,218 [INFO] ThirdParty:1030 - CMSIS Pack Vendor :STMicroelectronics USB_DEVICE 2.0.0
2023-11-15 22:24:34,218 [INFO] ThirdParty:1030 - CMSIS Pack Vendor :STMicroelectronics X-CUBE-EEPRMA1 4.2.0
2023-11-15 22:24:34,218 [INFO] ThirdParty:1030 - CMSIS Pack Vendor :ITTIA_DB I-CUBE-ITTIADB 8.8.0
2023-11-15 22:24:34,219 [INFO] ThirdParty:1030 - CMSIS Pack Vendor :STMicroelectronics FP-SNS-MOTENV1 4.3.2
2023-11-15 22:24:34,219 [INFO] ThirdParty:1030 - CMSIS Pack Vendor :STMicroelectronics X-CUBE-ALGOBUILD 1.3.0
2023-11-15 22:24:34,219 [INFO] ThirdParty:1030 - CMSIS Pack Vendor :STMicroelectronics FreeRTOS 0.0.1
2023-11-15 22:24:34,219 [INFO] ThirdParty:1030 - CMSIS Pack Vendor :STMicroelectronics X-CUBE-AZRTOS-G0 1.1.0
2023-11-15 22:24:34,219 [INFO] ThirdParty:1030 - CMSIS Pack Vendor :STMicroelectronics X-CUBE-BLEMGR 2.0.0
2023-11-15 22:24:34,219 [INFO] ThirdParty:1030 - CMSIS Pack Vendor :STMicroelectronics X-CUBE-NFC4 3.0.0
2023-11-15 22:24:34,219 [INFO] ThirdParty:1030 - CMSIS Pack Vendor :STMicroelectronics X-CUBE-SUBG2 5.0.0
2023-11-15 22:24:34,219 [INFO] ThirdParty:1030 - CMSIS Pack Vendor :STMicroelectronics STM32_WPAN 1.0.0
2023-11-15 22:24:34,219 [INFO] ThirdParty:1030 - CMSIS Pack Vendor :STMicroelectronics lwIP 2.0.3
2023-11-15 22:24:34,219 [INFO] ThirdParty:1030 - CMSIS Pack Vendor :STMicroelectronics FP-SNS-FLIGHT1 5.0.2
2023-11-15 22:24:34,219 [INFO] ThirdParty:1030 - CMSIS Pack Vendor :STMicroelectronics USB_HOST 1.0.0
2023-11-15 22:24:34,219 [INFO] ThirdParty:1030 - CMSIS Pack Vendor :STMicroelectronics X-CUBE-TOF1 3.3.1
2023-11-15 22:24:34,219 [INFO] ThirdParty:1030 - CMSIS Pack Vendor :STMicroelectronics X-CUBE-AZRTOS-G4 2.0.0
2023-11-15 22:24:34,219 [INFO] ThirdParty:1030 - CMSIS Pack Vendor :STMicroelectronics PDM2PCM 3.1.0
2023-11-15 22:24:34,219 [INFO] ThirdParty:1030 - CMSIS Pack Vendor :STMicroelectronics X-CUBE-AZRTOS-H7 3.1.0
2023-11-15 22:24:34,219 [INFO] ThirdParty:1030 - CMSIS Pack Vendor :Infineon AIROC-Wi-Fi-Bluetooth-STM32 1.5.1
2023-11-15 22:24:34,219 [INFO] ThirdParty:1030 - CMSIS Pack Vendor :STMicroelectronics X-CUBE-BLEMGR 3.0.0
2023-11-15 22:24:34,219 [INFO] ThirdParty:1030 - CMSIS Pack Vendor :STMicroelectronics PDM2PCM 3.3.0
2023-11-15 22:24:34,219 [INFO] ThirdParty:1030 - CMSIS Pack Vendor :STMicroelectronics X-CUBE-DISPLAY 3.0.0
2023-11-15 22:24:34,220 [INFO] ThirdParty:1030 - CMSIS Pack Vendor :STMicroelectronics FP-SNS-MOTENVWB1 1.3.0
2023-11-15 22:24:34,220 [INFO] ThirdParty:1030 - CMSIS Pack Vendor :STMicroelectronics X-CUBE-BLE1 7.0.0
2023-11-15 22:24:34,220 [INFO] ThirdParty:1030 - CMSIS Pack Vendor :STMicroelectronics FP-ATR-SIGFOX1 3.2.0
2023-11-15 22:24:34,220 [INFO] ThirdParty:1030 - CMSIS Pack Vendor :STMicroelectronics HAL Drivers 0.0.0
2023-11-15 22:24:34,220 [INFO] ThirdParty:1030 - CMSIS Pack Vendor :STMicroelectronics MBEDTLS 2.16.2
2023-11-15 22:24:34,220 [INFO] ThirdParty:1030 - CMSIS Pack Vendor :emotas I-CUBE-CANOPEN 1.3.0
2023-11-15 22:24:34,220 [INFO] ThirdParty:1030 - CMSIS Pack Vendor :STMicroelectronics X-CUBE-MEMS1 10.0.0
2023-11-15 22:24:34,220 [INFO] ThirdParty:1030 - CMSIS Pack Vendor :STMicroelectronics X-CUBE-FREERTOS 1.1.0
2023-11-15 22:24:34,220 [INFO] ThirdParty:1030 - CMSIS Pack Vendor :STMicroelectronics X-CUBE-NFC7 1.0.1
2023-11-15 22:24:34,220 [INFO] ThirdParty:1030 - CMSIS Pack Vendor :STMicroelectronics MBEDTLS 2.14.1
2023-11-15 22:24:34,220 [INFO] ThirdParty:1030 - CMSIS Pack Vendor :STMicroelectronics X-CUBE-TOUCHGFX 4.22.1
2023-11-15 22:24:34,220 [INFO] ThirdParty:1030 - CMSIS Pack Vendor :STMicroelectronics X-CUBE-NFC6 3.0.0
2023-11-15 22:24:34,220 [INFO] ThirdParty:1030 - CMSIS Pack Vendor :STMicroelectronics X-CUBE-EEPRMA1 4.1.0
2023-11-15 22:24:34,220 [INFO] ThirdParty:1030 - CMSIS Pack Vendor :portGmbH I-Cube-SoM-uGOAL 1.1.0
2023-11-15 22:24:34,221 [INFO] ThirdParty:1030 - CMSIS Pack Vendor :STMicroelectronics X-CUBE-ALS 1.0.1
2023-11-15 22:24:34,221 [INFO] ThirdParty:1030 - CMSIS Pack Vendor :STMicroelectronics ThreadX 1.0.0
2023-11-15 22:24:34,221 [INFO] ThirdParty:1030 - CMSIS Pack Vendor :STMicroelectronics FP-SNS-SMARTAG2 1.2.0
2023-11-15 22:24:34,221 [INFO] ThirdParty:1030 - CMSIS Pack Vendor :STMicroelectronics X-CUBE-AZRTOS-WL 2.0.0
2023-11-15 22:24:34,221 [INFO] ThirdParty:1030 - CMSIS Pack Vendor :SEGGER I-CUBE-embOS 1.3.1
2023-11-15 22:24:34,221 [INFO] ThirdParty:1030 - CMSIS Pack Vendor :STMicroelectronics USB_DEVICE 1.0.0
2023-11-15 22:24:34,221 [INFO] ThirdParty:1030 - CMSIS Pack Vendor :STMicroelectronics X-CUBE-AI 8.1.0
2023-11-15 22:24:34,221 [INFO] ThirdParty:1030 - CMSIS Pack Vendor :STMicroelectronics X-CUBE-AZRTOS-L4 2.0.0
2023-11-15 22:24:34,221 [INFO] ThirdParty:1030 - CMSIS Pack Vendor :STMicroelectronics ThreadX 0.0.2
2023-11-15 22:24:34,222 [INFO] ThirdParty:1030 - CMSIS Pack Vendor :WES I-CUBE-Cesium 1.3.0
2023-11-15 22:24:34,222 [INFO] ThirdParty:1030 - CMSIS Pack Vendor :STMicroelectronics FP-ATR-ASTRA1 2.0.0
2023-11-15 22:24:34,222 [INFO] ThirdParty:1030 - CMSIS Pack Vendor :STMicroelectronics lwIP 2.1.2
2023-11-15 22:24:34,222 [INFO] ThirdParty:1030 - CMSIS Pack Vendor :STMicroelectronics X-CUBE-SFXS2LP1 4.0.0
2023-11-15 22:24:34,222 [INFO] ThirdParty:1030 - CMSIS Pack Vendor :STMicroelectronics X-CUBE-BLE2 3.3.0
2023-11-15 22:24:34,222 [INFO] ThirdParty:1030 - CMSIS Pack Vendor :STMicroelectronics PDM2PCM 3.2.0
2023-11-15 22:24:34,227 [INFO] ThirdParty:841 - exiting critical section [change project]
2023-11-15 22:24:35,659 [INFO] PinOutPanel:1499 - setPackage(No Configuration,No Configuration)
2023-11-15 22:24:35,676 [INFO] PinOutPanel:1499 - setPackage(STM32F401RETx,LQFP64)
2023-11-15 22:24:38,730 [INFO] UtilMem:75 - Before build in PCC Used Memory: 203301648 Bytes (587202560)
2023-11-15 22:24:42,364 [INFO] UtilMem:75 - After build in PCC Used Memory: 450243344 Bytes (587202560)
2023-11-15 22:24:42,540 [INFO] IPUIPlugin:80 - create IPUIPlugin
2023-11-15 22:24:42,542 [INFO] IPUIPlugin:80 - create IPUIPlugin
2023-11-15 22:24:42,543 [INFO] IPUIPlugin:80 - create IPUIPlugin
2023-11-15 22:24:42,544 [INFO] IPUIPlugin:80 - create IPUIPlugin
2023-11-15 22:24:42,544 [INFO] IPUIPlugin:80 - create IPUIPlugin
2023-11-15 22:24:42,545 [INFO] IPUIPlugin:80 - create IPUIPlugin
2023-11-15 22:24:42,545 [INFO] IPUIPlugin:80 - create IPUIPlugin
2023-11-15 22:24:42,546 [INFO] IPUIPlugin:80 - create IPUIPlugin
2023-11-15 22:24:42,547 [INFO] IPUIPlugin:80 - create IPUIPlugin
2023-11-15 22:24:42,547 [INFO] IPUIPlugin:80 - create IPUIPlugin
2023-11-15 22:24:42,548 [INFO] IPUIPlugin:80 - create IPUIPlugin
2023-11-15 22:24:42,548 [INFO] IPUIPlugin:80 - create IPUIPlugin
2023-11-15 22:24:42,548 [INFO] IPUIPlugin:80 - create IPUIPlugin
2023-11-15 22:24:42,549 [INFO] IPUIPlugin:80 - create IPUIPlugin
2023-11-15 22:24:42,549 [INFO] IPUIPlugin:80 - create IPUIPlugin
2023-11-15 22:24:42,558 [INFO] IPUIPlugin:80 - create IPUIPlugin
2023-11-15 22:24:42,560 [INFO] IPUIPlugin:80 - create IPUIPlugin
2023-11-15 22:24:42,560 [INFO] IPUIPlugin:80 - create IPUIPlugin
2023-11-15 22:24:42,561 [INFO] IPUIPlugin:80 - create IPUIPlugin
2023-11-15 22:24:42,562 [INFO] IPUIPlugin:80 - create IPUIPlugin
2023-11-15 22:24:42,562 [INFO] IPUIPlugin:80 - create IPUIPlugin
2023-11-15 22:24:42,562 [INFO] IPUIPlugin:80 - create IPUIPlugin
2023-11-15 22:24:42,563 [INFO] IPUIPlugin:80 - create IPUIPlugin
2023-11-15 22:24:42,563 [INFO] IPUIPlugin:80 - create IPUIPlugin
2023-11-15 22:24:42,563 [INFO] IPUIPlugin:80 - create IPUIPlugin
2023-11-15 22:24:42,564 [INFO] IPUIPlugin:80 - create IPUIPlugin
2023-11-15 22:24:42,567 [INFO] IPUIPlugin:80 - create IPUIPlugin
2023-11-15 22:24:42,567 [INFO] IPUIPlugin:80 - create IPUIPlugin
2023-11-15 22:24:42,568 [INFO] IPUIPlugin:80 - create IPUIPlugin
2023-11-15 22:24:42,568 [INFO] IPUIPlugin:80 - create IPUIPlugin
2023-11-15 22:24:42,568 [INFO] IPUIPlugin:80 - create IPUIPlugin
2023-11-15 22:24:42,568 [INFO] IPUIPlugin:80 - create IPUIPlugin
2023-11-15 22:24:42,569 [INFO] IPUIPlugin:80 - create IPUIPlugin
2023-11-15 22:24:42,569 [INFO] IPUIPlugin:80 - create IPUIPlugin
2023-11-15 22:24:42,570 [INFO] IPUIPlugin:80 - create IPUIPlugin
2023-11-15 22:24:42,570 [INFO] IPUIPlugin:80 - create IPUIPlugin
2023-11-15 22:24:42,571 [INFO] IPUIPlugin:80 - create IPUIPlugin
2023-11-15 22:24:42,571 [INFO] IPUIPlugin:80 - create IPUIPlugin
2023-11-15 22:24:42,719 [INFO] ApiDbMcu:507 - Load IP Config File for PDM2PCM
2023-11-15 22:24:43,809 [INFO] CADModel:165 - CPN selected for project levelSTM32F401RET6
2023-11-15 22:24:43,813 [INFO] CADModel:114 - Register for checkConnection events
2023-11-15 22:24:43,867 [INFO] OpenFileManager:328 - Restore cursor
2023-11-15 22:26:43,348 [INFO] Gpio:273 - dependency for GPIO []
2023-11-15 22:28:44,827 [INFO] UtilMem:75 - End SaveConfig() Used Memory: 476337768 Bytes (612368384)
2023-11-15 22:28:47,347 [INFO] UtilMem:75 - End SaveConfig() Used Memory: 504419056 Bytes (612368384)
2023-11-15 22:28:51,244 [INFO] UtilMem:75 - End SaveConfig() Used Memory: 204345696 Bytes (612368384)
2023-11-15 22:28:53,529 [INFO] BlockDiagram:2759 - set Specific Code input for plugin: NVIC
2023-11-15 22:28:53,534 [INFO] BlockDiagram:2759 - set Specific Code input for plugin: GPIO
2023-11-15 22:28:53,534 [INFO] BlockDiagram:2759 - set Specific Code input for plugin: RCC
2023-11-15 22:28:53,536 [INFO] CodeGenerator:799 - code generatio: config db path: /Applications/STM32CubeIDE.app/Contents/Eclipse/plugins/com.st.stm32cube.common.mx_6.9.2.202309101412//db/
2023-11-15 22:28:54,144 [INFO] CodeEngine:255 - oldGeneratedFile, /Users/stefan/Files/Programming/ECE198/MedicineDispenser/MedicineDispenser/MXTmpFiles/license.tmp_save
2023-11-15 22:28:55,724 [INFO] CodeEngine:279 - Generated code: /Users/stefan/Files/Programming/ECE198/MedicineDispenser/MedicineDispenser/MXTmpFiles/license.tmp
2023-11-15 22:28:56,197 [INFO] CodeEngine:255 - oldGeneratedFile, /Users/stefan/Files/Programming/ECE198/MedicineDispenser/MedicineDispenser/MXTmpFiles/gpio.tmp_save
2023-11-15 22:28:57,012 [INFO] CodeEngine:279 - Generated code: /Users/stefan/Files/Programming/ECE198/MedicineDispenser/MedicineDispenser/MXTmpFiles/gpio.tmp
2023-11-15 22:28:57,058 [INFO] CodeEngine:255 - oldGeneratedFile, /Users/stefan/Files/Programming/ECE198/MedicineDispenser/MedicineDispenser/Core/Src/stm32f4xx_it.c_save
2023-11-15 22:28:57,800 [INFO] CodeEngine:279 - Generated code: /Users/stefan/Files/Programming/ECE198/MedicineDispenser/MedicineDispenser/Core/Src/stm32f4xx_it.c
2023-11-15 22:28:57,823 [INFO] CodeEngine:255 - oldGeneratedFile, /Users/stefan/Files/Programming/ECE198/MedicineDispenser/MedicineDispenser/Core/Inc/stm32f4xx_it.h_save
2023-11-15 22:28:58,115 [INFO] CodeEngine:279 - Generated code: /Users/stefan/Files/Programming/ECE198/MedicineDispenser/MedicineDispenser/Core/Inc/stm32f4xx_it.h
2023-11-15 22:28:58,267 [INFO] CodeEngine:255 - oldGeneratedFile, /Users/stefan/Files/Programming/ECE198/MedicineDispenser/MedicineDispenser/Core/Src/stm32f4xx_hal_msp.c_save
2023-11-15 22:28:58,635 [INFO] CodeEngine:279 - Generated code: /Users/stefan/Files/Programming/ECE198/MedicineDispenser/MedicineDispenser/Core/Src/stm32f4xx_hal_msp.c
2023-11-15 22:28:58,645 [INFO] CodeEngine:255 - oldGeneratedFile, /Users/stefan/Files/Programming/ECE198/MedicineDispenser/MedicineDispenser/MXTmpFiles/system.tmp_save
2023-11-15 22:28:58,931 [INFO] CodeEngine:279 - Generated code: /Users/stefan/Files/Programming/ECE198/MedicineDispenser/MedicineDispenser/MXTmpFiles/system.tmp
2023-11-15 22:28:58,957 [INFO] CodeEngine:311 - oldGeneratedFile, /Users/stefan/Files/Programming/ECE198/MedicineDispenser/MedicineDispenser/Core/Inc/stm32f4xx_hal_conf.h_save
2023-11-15 22:28:59,222 [INFO] CodeEngine:335 - Generated code: /Users/stefan/Files/Programming/ECE198/MedicineDispenser/MedicineDispenser/Core/Inc/stm32f4xx_hal_conf.h
2023-11-15 22:28:59,578 [INFO] CodeEngine:255 - oldGeneratedFile, /Users/stefan/Files/Programming/ECE198/MedicineDispenser/MedicineDispenser/Core/Inc/main.h_save
2023-11-15 22:28:59,911 [INFO] CodeEngine:279 - Generated code: /Users/stefan/Files/Programming/ECE198/MedicineDispenser/MedicineDispenser/Core/Inc/main.h
2023-11-15 22:28:59,921 [INFO] CodeEngine:255 - oldGeneratedFile, /Users/stefan/Files/Programming/ECE198/MedicineDispenser/MedicineDispenser/Core/Src/main.c_save
2023-11-15 22:29:00,860 [INFO] CodeEngine:279 - Generated code: /Users/stefan/Files/Programming/ECE198/MedicineDispenser/MedicineDispenser/Core/Src/main.c
2023-11-15 22:29:02,691 [INFO] ProjectBuilder:3064 - Time for Copy HAL[1] : 106mS.
2023-11-15 22:29:02,734 [INFO] ProjectBuilder:4404 - Project Generator version: 4.1.0
2023-11-15 22:29:03,845 [INFO] ConfigFileManager:1457 - The Die is : DIE433
2023-11-15 22:29:04,132 [INFO] ApiDbMcu:507 - Load IP Config File for FATFS
2023-11-15 22:29:04,372 [INFO] ApiDbMcu:507 - Load IP Config File for FREERTOS
2023-11-15 22:29:04,396 [INFO] ApiDbMcu:507 - Load IP Config File for LIBJPEG
2023-11-15 22:29:04,645 [INFO] ApiDbMcu:507 - Load IP Config File for MBEDTLS
2023-11-15 22:29:04,862 [INFO] ApiDbMcu:507 - Load IP Config File for USB_DEVICE
2023-11-15 22:29:04,914 [INFO] ApiDbMcu:507 - Load IP Config File for USB_HOST
2023-11-15 22:29:07,849 [INFO] LogOutputStream:77 - [STDOUT_REDIRECT] 
2023-11-15 22:29:12,301 [INFO] ProjectBuilder:4626 - Time for Generating toolchain IDE Files: 9548mS.
2023-11-15 22:29:12,320 [INFO] ProjectBuilder:2935 - Time for Copy CMSIS : 9mS.
2023-11-15 22:29:12,329 [INFO] ProjectBuilder:2935 - Time for Copy CMSIS : 1mS.
2023-11-15 23:08:21,010 [INFO] UtilMem:75 - End SaveConfig() Used Memory: 372955784 Bytes (709885952)
2023-11-15 23:39:58,789 [ERROR] LogOutputStream:75 - [STDERR_REDIRECT] 
