2023-11-19 00:33:49,296 [ERROR] ConfigurationRetriever:142 - IOException on connection: Read timed out
2023-11-19 00:33:51,335 [ERROR] ConfigurationRetriever:142 - IOException on connection: Read timed out
2023-11-19 00:33:53,354 [ERROR] ConfigurationRetriever:142 - IOException on connection: Read timed out
2023-11-19 09:34:38,218 [ERROR] LogOutputStream:75 - [STDERR_REDIRECT] 
2023-11-19 22:54:44,120 [INFO] Activator:176 - 


2023-11-19 22:54:44,125 [INFO] Activator:177 - !SESSION log4j initialized
2023-11-19 22:54:52,633 [ERROR] LogOutputStream:75 - [STDERR_REDIRECT] 
2023-11-19 22:54:53,767 [INFO] LogOutputStream:77 - [STDOUT_REDIRECT] 
2023-11-19 22:54:56,064 [INFO] LogOutputStream:77 - [STDOUT_REDIRECT] 
2023-11-19 22:54:58,107 [INFO] ApplicationProperties:184 - Using Application install path: /Applications/STM32CubeIDE.app/Contents/Eclipse/plugins/com.st.stm32cube.common.mx_6.9.2.202309101412
2023-11-19 22:54:58,131 [INFO] DbMcusXml:78 - Set database path to: /Applications/STM32CubeIDE.app/Contents/Eclipse/plugins/com.st.stm32cube.common.mx_6.9.2.202309101412//db//mcu/
2023-11-19 22:54:58,131 [INFO] ApiDb:274 - Set plugin database path to: /Applications/STM32CubeIDE.app/Contents/Eclipse/plugins/com.st.stm32cube.common.mx_6.9.2.202309101412//db//plugins/boardmanager/
2023-11-19 22:54:58,133 [WARN] ApiDb:259 - Overriding images path with different value:  => /Applications/STM32CubeIDE.app/Contents/Eclipse/plugins/com.st.stm32cube.common.mx_6.9.2.202309101412//db//plugins/mcufinder/images/
2023-11-19 22:54:58,202 [INFO] ApiDb:250 - Set database path to: /Users/stefan/.stmcufinder/plugins/mcufinder//mcu/
2023-11-19 22:54:58,204 [INFO] DbMcusAds:125 - Set database path to: /Users/stefan/.stmcufinder/plugins/mcufinder//mcu/
2023-11-19 22:54:58,207 [INFO] CrossReferenceDbSqlite:203 - Set database path to: /Users/stefan/.stmcufinder/plugins/mcufinder//mcu/cs/
2023-11-19 22:54:58,730 [INFO] RulesReader:64 - Compatibility file has been processed (293 Rules)
2023-11-19 22:54:58,858 [INFO] DbMcusXml:78 - Set database path to: /Applications/STM32CubeIDE.app/Contents/Eclipse/plugins/com.st.stm32cube.common.mx_6.9.2.202309101412//db//mcu/
2023-11-19 22:54:58,858 [INFO] ApiDb:274 - Set plugin database path to: /Applications/STM32CubeIDE.app/Contents/Eclipse/plugins/com.st.stm32cube.common.mx_6.9.2.202309101412//db//plugins/boardmanager/
2023-11-19 22:54:58,859 [INFO] ApiDb:261 - Set plugin images path to: /Applications/STM32CubeIDE.app/Contents/Eclipse/plugins/com.st.stm32cube.common.mx_6.9.2.202309101412//db//plugins/mcufinder/images/
2023-11-19 22:54:58,859 [WARN] DbFile:41 - Overriding database path with different value: /Users/stefan/.stmcufinder/plugins/mcufinder/ => /Users/stefan/.stmcufinder/plugins/mcufinder
2023-11-19 22:54:58,859 [INFO] ApiDb:250 - Set database path to: /Users/stefan/.stmcufinder/plugins/mcufinder//mcu/
2023-11-19 22:54:58,859 [WARN] DbFile:41 - Overriding database path with different value: /Users/stefan/.stmcufinder/plugins/mcufinder/ => /Users/stefan/.stmcufinder/plugins/mcufinder
2023-11-19 22:54:58,859 [INFO] DbMcusAds:125 - Set database path to: /Users/stefan/.stmcufinder/plugins/mcufinder//mcu/
2023-11-19 22:54:58,860 [WARN] DbFile:41 - Overriding database path with different value: /Users/stefan/.stmcufinder/plugins/mcufinder/ => /Users/stefan/.stmcufinder/plugins/mcufinder
2023-11-19 22:54:58,860 [WARN] DbFile:41 - Overriding database path with different value: /Users/stefan/.stmcufinder/plugins/mcufinder/ => /Users/stefan/.stmcufinder/plugins/mcufinder
2023-11-19 22:54:58,860 [INFO] CrossReferenceDbSqlite:203 - Set database path to: /Users/stefan/.stmcufinder/plugins/mcufinder//mcu/cs/
2023-11-19 22:54:59,105 [INFO] MainPanel:262 - HeapMemory: 268435456
2023-11-19 22:54:59,399 [INFO] DbMcusXml:78 - Set database path to: /Applications/STM32CubeIDE.app/Contents/Eclipse/plugins/com.st.stm32cube.common.mx_6.9.2.202309101412//db//mcu/
2023-11-19 22:54:59,402 [INFO] ApiDb:274 - Set plugin database path to: /Applications/STM32CubeIDE.app/Contents/Eclipse/plugins/com.st.stm32cube.common.mx_6.9.2.202309101412//db//plugins/boardmanager/
2023-11-19 22:54:59,403 [INFO] ApiDb:261 - Set plugin images path to: /Applications/STM32CubeIDE.app/Contents/Eclipse/plugins/com.st.stm32cube.common.mx_6.9.2.202309101412//db//plugins/mcufinder/images/
2023-11-19 22:54:59,404 [WARN] DbFile:41 - Overriding database path with different value: /Users/stefan/.stmcufinder/plugins/mcufinder/ => /Users/stefan/.stmcufinder/plugins/mcufinder
2023-11-19 22:54:59,404 [INFO] ApiDb:250 - Set database path to: /Users/stefan/.stmcufinder/plugins/mcufinder//mcu/
2023-11-19 22:54:59,404 [WARN] DbFile:41 - Overriding database path with different value: /Users/stefan/.stmcufinder/plugins/mcufinder/ => /Users/stefan/.stmcufinder/plugins/mcufinder
2023-11-19 22:54:59,405 [INFO] DbMcusAds:125 - Set database path to: /Users/stefan/.stmcufinder/plugins/mcufinder//mcu/
2023-11-19 22:54:59,406 [WARN] DbFile:41 - Overriding database path with different value: /Users/stefan/.stmcufinder/plugins/mcufinder/ => /Users/stefan/.stmcufinder/plugins/mcufinder
2023-11-19 22:54:59,406 [WARN] DbFile:41 - Overriding database path with different value: /Users/stefan/.stmcufinder/plugins/mcufinder/ => /Users/stefan/.stmcufinder/plugins/mcufinder
2023-11-19 22:54:59,406 [INFO] CrossReferenceDbSqlite:203 - Set database path to: /Users/stefan/.stmcufinder/plugins/mcufinder//mcu/cs/
2023-11-19 22:54:59,462 [INFO] ApplicationProperties:184 - Using Application install path: /Applications/STM32CubeIDE.app/Contents/Eclipse/plugins/com.st.stm32cube.common.mx_6.9.2.202309101412
2023-11-19 22:54:59,466 [INFO] PluginManage:196 - Search for loadable plugins [exclusion list=, ]
2023-11-19 22:54:59,474 [INFO] PluginManage:310 - Check plugin analytics
2023-11-19 22:54:59,824 [INFO] AnalyticsPlugin:253 - Accepted Software Licenses: 
2023-11-19 22:54:59,826 [INFO] AnalyticsPlugin:255 - Accepted CMSIS Pack Licenses: 
2023-11-19 22:54:59,826 [INFO] AnalyticsPlugin:257 - Accepted Firmware Licenses: FW.F4.1.27.0
2023-11-19 22:54:59,838 [INFO] PluginManage:359 - Loaded plugin analytics (category:tool,tabindex:-1)
2023-11-19 22:54:59,842 [INFO] PluginManage:310 - Check plugin cadmodel
2023-11-19 22:55:00,405 [INFO] CADModel:105 - Init CAD model plugin
2023-11-19 22:55:00,406 [INFO] PluginManage:359 - Loaded plugin cadmodel (category:power,tabindex:5)
2023-11-19 22:55:00,406 [INFO] PluginManage:310 - Check plugin clock
2023-11-19 22:55:00,423 [INFO] PluginManage:359 - Loaded plugin clock (category:base,tabindex:2)
2023-11-19 22:55:00,424 [INFO] PluginManage:310 - Check plugin ddr
2023-11-19 22:55:00,426 [INFO] PluginManage:359 - Loaded plugin ddr (category:tool,tabindex:6)
2023-11-19 22:55:00,427 [INFO] PluginManage:310 - Check plugin filemanager
2023-11-19 22:55:00,627 [INFO] PluginManage:359 - Loaded plugin filemanager (category:base,tabindex:10)
2023-11-19 22:55:00,627 [INFO] PluginManage:310 - Check plugin ipmanager
2023-11-19 22:55:00,635 [INFO] PluginManage:359 - Loaded plugin ipmanager (category:base,tabindex:5)
2023-11-19 22:55:00,635 [INFO] PluginManage:310 - Check plugin lpbam
2023-11-19 22:55:00,647 [INFO] PluginManage:359 - Loaded plugin lpbam (category:base,tabindex:0)
2023-11-19 22:55:00,648 [INFO] PluginManage:310 - Check plugin memorymap
2023-11-19 22:55:00,663 [INFO] PluginManage:359 - Loaded plugin memorymap (category:base,tabindex:4)
2023-11-19 22:55:00,663 [INFO] PluginManage:310 - Check plugin pinoutandconfiguration
2023-11-19 22:55:00,671 [INFO] PluginManage:359 - Loaded plugin pinoutandconfiguration (category:base,tabindex:1)
2023-11-19 22:55:00,671 [INFO] PluginManage:310 - Check plugin pinoutconfig
2023-11-19 22:55:00,794 [WARN] SupportedApi:132 - Cannot load RTOS API schema: s4s-elt-must-match.1: The content of 'definitions' must match (annotation?, (simpleType | complexType)?, (unique | key | keyref)*)). A problem was found starting at: attribute.
2023-11-19 22:55:01,012 [INFO] PluginManage:359 - Loaded plugin pinoutconfig (category:base,tabindex:0)
2023-11-19 22:55:01,012 [INFO] PluginManage:310 - Check plugin power
2023-11-19 22:55:01,027 [INFO] PluginManage:359 - Loaded plugin power (category:power,tabindex:4)
2023-11-19 22:55:01,027 [INFO] PluginManage:310 - Check plugin projectmanager
2023-11-19 22:55:01,060 [INFO] PluginManage:359 - Loaded plugin projectmanager (category:projectmanager,tabindex:3)
2023-11-19 22:55:01,061 [INFO] PluginManage:310 - Check plugin thirdparty
2023-11-19 22:55:01,346 [INFO] PluginManage:359 - Loaded plugin thirdparty (category:base,tabindex:-1)
2023-11-19 22:55:01,347 [INFO] PluginManage:310 - Check plugin tools
2023-11-19 22:55:01,346 [WARN] IntegrityCheckThread:84 - waiting for thirdparty lock release [integrity check]
2023-11-19 22:55:01,348 [INFO] IntegrityCheckThread:86 - entering critical section [integrity check]
2023-11-19 22:55:01,351 [INFO] ThirdPartyUpdaterWithRetryManager:70 - Updater plugin not ready yet. [1/15]
2023-11-19 22:55:01,353 [INFO] PluginManage:359 - Loaded plugin tools (category:base,tabindex:7)
2023-11-19 22:55:01,353 [INFO] PluginManage:310 - Check plugin tutovideos
2023-11-19 22:55:01,663 [INFO] PluginManage:359 - Loaded plugin tutovideos (category:base,tabindex:-1)
2023-11-19 22:55:01,664 [INFO] PluginManage:310 - Check plugin updater
2023-11-19 22:55:01,685 [INFO] PluginManage:359 - Loaded plugin updater (category:base,tabindex:12)
2023-11-19 22:55:01,686 [INFO] PluginManage:310 - Check plugin userauth
2023-11-19 22:55:01,693 [INFO] UserAuth:113 - Init User Auth plugin
2023-11-19 22:55:01,693 [INFO] PluginManage:359 - Loaded plugin userauth (category:base,tabindex:14)
2023-11-19 22:55:01,695 [INFO] PluginManage:283 - PluginManage : Loaded plugins [17]
2023-11-19 22:55:02,035 [INFO] PinOutPanel:1499 - setPackage(No Configuration,No Configuration)
2023-11-19 22:55:02,272 [INFO] CADModel:165 - CPN selected for project level
2023-11-19 22:55:02,273 [INFO] CADModel:114 - Register for checkConnection events
2023-11-19 22:55:02,289 [INFO] IPUIPlugin:80 - create IPUIPlugin
2023-11-19 22:55:02,291 [INFO] PluginManager:220 - loadIPPluginJar : add mdma
2023-11-19 22:55:02,298 [INFO] IPUIPlugin:80 - create IPUIPlugin
2023-11-19 22:55:02,298 [INFO] PluginManager:220 - loadIPPluginJar : add freertos
2023-11-19 22:55:02,303 [INFO] IPUIPlugin:80 - create IPUIPlugin
2023-11-19 22:55:02,303 [INFO] PluginManager:220 - loadIPPluginJar : add gic
2023-11-19 22:55:02,317 [INFO] IPUIPlugin:80 - create IPUIPlugin
2023-11-19 22:55:02,317 [INFO] PluginManager:220 - loadIPPluginJar : add adc
2023-11-19 22:55:02,321 [INFO] IPUIPlugin:80 - create IPUIPlugin
2023-11-19 22:55:02,321 [INFO] PluginManager:220 - loadIPPluginJar : add gtzc
2023-11-19 22:55:02,322 [INFO] IPUIPlugin:80 - create IPUIPlugin
2023-11-19 22:55:02,322 [INFO] PluginManager:220 - loadIPPluginJar : add quadspi
2023-11-19 22:55:02,324 [INFO] IPUIPlugin:80 - create IPUIPlugin
2023-11-19 22:55:02,325 [INFO] PluginManager:220 - loadIPPluginJar : add aes
2023-11-19 22:55:02,328 [INFO] IPUIPlugin:80 - create IPUIPlugin
2023-11-19 22:55:02,329 [INFO] PluginManager:220 - loadIPPluginJar : add pdm2pcm
2023-11-19 22:55:02,352 [INFO] IPUIPlugin:80 - create IPUIPlugin
2023-11-19 22:55:02,354 [INFO] PluginManager:220 - loadIPPluginJar : add hash
2023-11-19 22:55:02,361 [INFO] IPUIPlugin:80 - create IPUIPlugin
2023-11-19 22:55:02,361 [INFO] PluginManager:220 - loadIPPluginJar : add tim
2023-11-19 22:55:02,374 [INFO] IPUIPlugin:80 - create IPUIPlugin
2023-11-19 22:55:02,375 [INFO] PluginManager:220 - loadIPPluginJar : add tsc
2023-11-19 22:55:02,378 [INFO] IPUIPlugin:80 - create IPUIPlugin
2023-11-19 22:55:02,379 [INFO] PluginManager:220 - loadIPPluginJar : add ts
2023-11-19 22:55:02,384 [INFO] IPUIPlugin:80 - create IPUIPlugin
2023-11-19 22:55:02,385 [INFO] PluginManager:220 - loadIPPluginJar : add can
2023-11-19 22:55:02,396 [INFO] IPUIPlugin:80 - create IPUIPlugin
2023-11-19 22:55:02,396 [INFO] PluginManager:220 - loadIPPluginJar : add dma3
2023-11-19 22:55:02,401 [INFO] IPUIPlugin:80 - create IPUIPlugin
2023-11-19 22:55:02,401 [INFO] PluginManager:220 - loadIPPluginJar : add dfsdm
2023-11-19 22:55:02,405 [INFO] IPUIPlugin:80 - create IPUIPlugin
2023-11-19 22:55:02,405 [INFO] PluginManager:220 - loadIPPluginJar : add spi
2023-11-19 22:55:02,408 [INFO] IPUIPlugin:80 - create IPUIPlugin
2023-11-19 22:55:02,408 [INFO] PluginManager:220 - loadIPPluginJar : add gfxmmu
2023-11-19 22:55:02,411 [INFO] IPUIPlugin:80 - create IPUIPlugin
2023-11-19 22:55:02,411 [INFO] PluginManager:220 - loadIPPluginJar : add genericplugin
2023-11-19 22:55:02,414 [INFO] IPUIPlugin:80 - create IPUIPlugin
2023-11-19 22:55:02,414 [INFO] PluginManager:220 - loadIPPluginJar : add cryp
2023-11-19 22:55:02,420 [INFO] IPUIPlugin:80 - create IPUIPlugin
2023-11-19 22:55:02,421 [INFO] PluginManager:220 - loadIPPluginJar : add gpio
2023-11-19 22:55:02,423 [INFO] IPUIPlugin:80 - create IPUIPlugin
2023-11-19 22:55:02,423 [INFO] PluginManager:220 - loadIPPluginJar : add comp
2023-11-19 22:55:02,428 [INFO] IPUIPlugin:80 - create IPUIPlugin
2023-11-19 22:55:02,429 [INFO] PluginManager:220 - loadIPPluginJar : add tracer_emb
2023-11-19 22:55:02,445 [INFO] IPUIPlugin:80 - create IPUIPlugin
2023-11-19 22:55:02,448 [INFO] PluginManager:220 - loadIPPluginJar : add openamp
2023-11-19 22:55:02,459 [INFO] IPUIPlugin:80 - create IPUIPlugin
2023-11-19 22:55:02,459 [INFO] PluginManager:220 - loadIPPluginJar : add stm32_wpan
2023-11-19 22:55:02,471 [INFO] IPUIPlugin:80 - create IPUIPlugin
2023-11-19 22:55:02,480 [INFO] PluginManager:220 - loadIPPluginJar : add plateformsettings
2023-11-19 22:55:02,486 [INFO] IPUIPlugin:80 - create IPUIPlugin
2023-11-19 22:55:02,486 [INFO] PluginManager:220 - loadIPPluginJar : add ipddr
2023-11-19 22:55:02,492 [INFO] IPUIPlugin:80 - create IPUIPlugin
2023-11-19 22:55:02,492 [INFO] PluginManager:220 - loadIPPluginJar : add usart
2023-11-19 22:55:02,494 [INFO] IPUIPlugin:80 - create IPUIPlugin
2023-11-19 22:55:02,494 [INFO] PluginManager:220 - loadIPPluginJar : add ltdc
2023-11-19 22:55:02,499 [INFO] IPUIPlugin:80 - create IPUIPlugin
2023-11-19 22:55:02,499 [INFO] PluginManager:220 - loadIPPluginJar : add nvic
2023-11-19 22:55:02,501 [INFO] IPUIPlugin:80 - create IPUIPlugin
2023-11-19 22:55:02,501 [INFO] PluginManager:220 - loadIPPluginJar : add fatfs
2023-11-19 22:55:02,514 [INFO] IPUIPlugin:80 - create IPUIPlugin
2023-11-19 22:55:02,514 [INFO] PluginManager:220 - loadIPPluginJar : add linkedlist
2023-11-19 22:55:02,522 [INFO] IPUIPlugin:80 - create IPUIPlugin
2023-11-19 22:55:02,522 [INFO] PluginManager:220 - loadIPPluginJar : add dma
2023-11-19 22:55:02,530 [INFO] IPUIPlugin:80 - create IPUIPlugin
2023-11-19 22:55:02,532 [INFO] PluginManager:220 - loadIPPluginJar : add fmc
2023-11-19 22:55:02,537 [INFO] IPUIPlugin:80 - create IPUIPlugin
2023-11-19 22:55:02,537 [INFO] PluginManager:220 - loadIPPluginJar : add i2s
2023-11-19 22:55:02,539 [INFO] IPUIPlugin:80 - create IPUIPlugin
2023-11-19 22:55:02,539 [INFO] PluginManager:220 - loadIPPluginJar : add ucpd
2023-11-19 22:55:02,541 [INFO] IPUIPlugin:80 - create IPUIPlugin
2023-11-19 22:55:02,542 [INFO] PluginManager:220 - loadIPPluginJar : add lorawan
2023-11-19 22:55:02,545 [INFO] IPUIPlugin:80 - create IPUIPlugin
2023-11-19 22:55:02,546 [INFO] PluginManager:220 - loadIPPluginJar : add opamp
2023-11-19 22:55:02,552 [INFO] IPUIPlugin:80 - create IPUIPlugin
2023-11-19 22:55:02,552 [INFO] PluginManager:220 - loadIPPluginJar : add i3c
2023-11-19 22:55:02,559 [INFO] IPUIPlugin:80 - create IPUIPlugin
2023-11-19 22:55:02,560 [INFO] PluginManager:220 - loadIPPluginJar : add touchsensing
2023-11-19 22:55:02,569 [INFO] IPUIPlugin:80 - create IPUIPlugin
2023-11-19 22:55:02,570 [INFO] PluginManager:220 - loadIPPluginJar : add i2c
2023-11-19 22:55:02,579 [INFO] IPUIPlugin:80 - create IPUIPlugin
2023-11-19 22:55:02,579 [INFO] PluginManager:220 - loadIPPluginJar : add resmgrutility
2023-11-19 22:55:02,582 [INFO] IPUIPlugin:80 - create IPUIPlugin
2023-11-19 22:55:02,582 [INFO] PluginManager:220 - loadIPPluginJar : add sai
2023-11-19 22:55:02,586 [INFO] IPUIPlugin:80 - create IPUIPlugin
2023-11-19 22:55:02,586 [INFO] PluginManager:220 - loadIPPluginJar : add usbx
2023-11-19 22:55:02,863 [INFO] CADModel:165 - CPN selected for project level
2023-11-19 22:55:02,869 [INFO] CADModel:114 - Register for checkConnection events
2023-11-19 22:55:02,872 [FATAL] Updater:308 - Updater called before beeing initialized
2023-11-19 22:55:02,872 [ERROR] CADModel:125 - Updater not yet initialized, retry later 
2023-11-19 22:55:03,364 [INFO] CADModel:165 - CPN selected for project level
2023-11-19 22:55:03,364 [INFO] CADModel:114 - Register for checkConnection events
2023-11-19 22:55:03,364 [FATAL] Updater:308 - Updater called before beeing initialized
2023-11-19 22:55:03,365 [ERROR] CADModel:125 - Updater not yet initialized, retry later 
2023-11-19 22:55:03,372 [FATAL] Updater:308 - Updater called before beeing initialized
2023-11-19 22:55:03,662 [FATAL] Updater:308 - Updater called before beeing initialized
2023-11-19 22:55:03,675 [INFO] DbMcusAds:53 - JSON generation date=Tue Mar 07 03:50:55 EST 2023 (1678179055335)
2023-11-19 22:55:03,675 [FATAL] Updater:308 - Updater called before beeing initialized
2023-11-19 22:55:03,964 [WARN] DetailPanel:346 - Failed to get advertising image, set to default
2023-11-19 22:55:04,121 [FATAL] Updater:308 - Updater called before beeing initialized
2023-11-19 22:55:04,125 [FATAL] Updater:308 - Updater called before beeing initialized
2023-11-19 22:55:04,125 [FATAL] Updater:308 - Updater called before beeing initialized
2023-11-19 22:55:04,125 [WARN] DetailPanel:346 - Failed to get advertising image, set to default
2023-11-19 22:55:04,130 [FATAL] Updater:308 - Updater called before beeing initialized
2023-11-19 22:55:04,250 [ERROR] Updater:1120 - MainUpdater not yet initialized. External WinMGr cannot be set.
2023-11-19 22:55:04,260 [INFO] Updater:1056 - Updater Version found : 6.9.2
2023-11-19 22:55:04,286 [INFO] ApplicationProperties:184 - Using Application install path: /Applications/STM32CubeIDE.app/Contents/Eclipse/plugins/com.st.stm32cube.common.mx_6.9.2.202309101412
2023-11-19 22:55:04,357 [INFO] ThirdPartyUpdaterWithRetryManager:70 - Updater plugin not ready yet. [2/15]
2023-11-19 22:55:04,891 [INFO] MainUpdater:2868 - connection check result : 10
2023-11-19 22:55:04,895 [INFO] MainUpdater:3562 - Updater definition file requires update
2023-11-19 22:55:04,897 [INFO] MainUpdater:285 - Updater Check For Update Now.
2023-11-19 22:55:04,898 [INFO] MicroXplorer:498 - Change Database Version : DB.6.0.92
2023-11-19 22:55:04,918 [INFO] McuFinderGlobals:63 - Set McuFinder mode to 2 (CubeIDE integrated)
2023-11-19 22:55:04,919 [INFO] UserAuth:179 - activating auth plugin
2023-11-19 22:55:04,961 [INFO] UserAuth:393 - Internet connection configuration mode: 1
2023-11-19 22:55:05,071 [INFO] JxBrowserEngine:151 - Initiate JxBrowser Engine with user profile folder
2023-11-19 22:55:05,102 [INFO] ServerAccessManage:473 - Download File updaters.zip
2023-11-19 22:55:05,466 [INFO] FileExtend:240 - Unzip File : updaters.zip
2023-11-19 22:55:05,468 [INFO] FileExtend:255 - Standard Zip Deflate
2023-11-19 22:55:06,137 [INFO] ServerAccessManage:473 - Download File PacksControlFlags.xml
2023-11-19 22:55:06,572 [INFO] ServerAccessManage:473 - Download File cubemx.pidx
2023-11-19 22:55:06,843 [INFO] LoadServerUpdatesThread:373 - End of LoadServerUpdate Thread
2023-11-19 22:55:07,143 [INFO] CheckServerUpdateThread:120 - End of CheckServer Thread
2023-11-19 22:55:07,564 [WARN] PackLoader:240 - Cannot read IP mode file for STMicroelectronics.X-CUBE-SMBUS.2.1.0
2023-11-19 22:55:07,659 [WARN] PackLoader:240 - Cannot read IP mode file for STMicroelectronics.X-CUBE-AZRTOS-F7.1.1.0
2023-11-19 22:55:07,725 [WARN] PackLoader:240 - Cannot read IP mode file for STMicroelectronics.FP-SNS-MOTENV1.4.3.2
2023-11-19 22:55:07,774 [WARN] PackLoader:240 - Cannot read IP mode file for STMicroelectronics.FP-SNS-FLIGHT1.5.0.2
2023-11-19 22:55:07,811 [WARN] PackLoader:240 - Cannot read IP mode file for STMicroelectronics.X-CUBE-DISPLAY.3.0.0
2023-11-19 22:55:07,874 [WARN] PackLoader:240 - Cannot read IP mode file for STMicroelectronics.X-CUBE-BLE1.7.0.0
2023-11-19 22:55:07,954 [WARN] PackLoader:240 - Cannot read IP mode file for emotas.I-CUBE-CANOPEN.1.3.0
2023-11-19 22:55:07,985 [WARN] PackLoader:240 - Cannot read IP mode file for STMicroelectronics.X-CUBE-TOUCHGFX.4.22.1
2023-11-19 22:55:08,013 [WARN] PackLoader:240 - Cannot read IP mode file for STMicroelectronics.FP-SNS-SMARTAG2.1.2.0
2023-11-19 22:55:08,052 [INFO] LogOutputStream:77 - [STDOUT_REDIRECT] 1 : Invalid condition id : UX_CORESTACK_Condition cause : null
2023-11-19 22:55:08,056 [INFO] LogOutputStream:77 - [STDOUT_REDIRECT] 1 : Invalid condition id : UX_CORESTACK_Condition cause : null
2023-11-19 22:55:08,057 [INFO] LogOutputStream:77 - [STDOUT_REDIRECT] 1 : Invalid condition id : UX_CORESTACK_Condition cause : null
2023-11-19 22:55:08,057 [INFO] LogOutputStream:77 - [STDOUT_REDIRECT] 1 : Invalid condition id : UX_CORESTACK_Condition cause : null
2023-11-19 22:55:08,057 [INFO] LogOutputStream:77 - [STDOUT_REDIRECT] 1 : Invalid condition id : UX_CORESTACK_Condition cause : null
2023-11-19 22:55:08,074 [WARN] PackLoader:240 - Cannot read IP mode file for STMicroelectronics.X-CUBE-AZRTOS-WL.2.0.0
2023-11-19 22:55:08,121 [WARN] PackLoader:240 - Cannot read IP mode file for WES.I-CUBE-Cesium.1.3.0
2023-11-19 22:55:08,166 [WARN] PackLoader:240 - Cannot read IP mode file for STMicroelectronics.X-CUBE-BLE2.3.3.0
2023-11-19 22:55:08,200 [WARN] PackLoader:240 - Cannot read IP mode file for STMicroelectronics.X-CUBE-ALGOBUILD.1.3.0
2023-11-19 22:55:08,283 [WARN] PackLoader:240 - Cannot read IP mode file for STMicroelectronics.X-CUBE-AZRTOS-G0.1.1.0
2023-11-19 22:55:08,310 [WARN] PackLoader:240 - Cannot read IP mode file for STMicroelectronics.X-CUBE-NFC4.3.0.0
2023-11-19 22:55:08,399 [WARN] PackLoader:240 - Cannot read IP mode file for STMicroelectronics.X-CUBE-BLEMGR.3.0.0
2023-11-19 22:55:08,463 [WARN] PackLoader:240 - Cannot read IP mode file for STMicroelectronics.FP-ATR-SIGFOX1.3.2.0
2023-11-19 22:55:08,706 [WARN] PackLoader:240 - Cannot read IP mode file for SEGGER.I-CUBE-embOS.1.3.1
2023-11-19 22:55:08,862 [WARN] PackLoader:240 - Cannot read IP mode file for STMicroelectronics.X-CUBE-GNSS1.6.0.0
2023-11-19 22:55:08,953 [WARN] PackLoader:240 - Cannot read IP mode file for STMicroelectronics.X-CUBE-AZRTOS-F4.1.1.0
2023-11-19 22:55:09,034 [WARN] PackLoader:240 - Cannot read IP mode file for wolfSSL.I-CUBE-wolfSSL.5.6.3
2023-11-19 22:55:09,150 [WARN] PackLoader:240 - Cannot read IP mode file for STMicroelectronics.X-CUBE-AZRTOS-L5.2.0.0
2023-11-19 22:55:09,180 [WARN] PackLoader:240 - Cannot read IP mode file for STMicroelectronics.X-CUBE-EEPRMA1.4.2.0
2023-11-19 22:55:09,194 [WARN] PackLoader:240 - Cannot read IP mode file for ITTIA_DB.I-CUBE-ITTIADB.8.8.0
2023-11-19 22:55:09,227 [WARN] PackLoader:240 - Cannot read IP mode file for STMicroelectronics.X-CUBE-BLEMGR.2.0.0
2023-11-19 22:55:09,306 [WARN] ConditionMgr:438 - getConditionDescription Invalid condition id : UX DEVICE CLASS RTOS Condition cause : null
2023-11-19 22:55:09,307 [WARN] ConditionMgr:438 - getConditionDescription Invalid condition id : UX DEVICE CLASS RTOS Condition cause : null
2023-11-19 22:55:09,329 [WARN] PackLoader:240 - Cannot read IP mode file for STMicroelectronics.X-CUBE-AZRTOS-H7.3.1.0
2023-11-19 22:55:09,337 [WARN] ConditionMgr:1039 - genDependencies : Invalid condition id : UX DEVICE CLASS RTOS Condition cause : null
2023-11-19 22:55:09,339 [WARN] ConditionMgr:1039 - genDependencies : Invalid condition id : UX DEVICE CLASS RTOS Condition cause : null
2023-11-19 22:55:09,342 [WARN] ConditionMgr:1039 - genDependencies : Invalid condition id : UX DEVICE CLASS RTOS Condition cause : null
2023-11-19 22:55:09,344 [WARN] ConditionMgr:1039 - genDependencies : Invalid condition id : UX DEVICE CLASS RTOS Condition cause : null
2023-11-19 22:55:09,344 [WARN] ConditionMgr:1039 - genDependencies : Invalid condition id : UX DEVICE CLASS RTOS Condition cause : null
2023-11-19 22:55:09,382 [WARN] PackLoader:240 - Cannot read IP mode file for STMicroelectronics.X-CUBE-NFC7.1.0.1
2023-11-19 22:55:09,422 [WARN] PackLoader:240 - Cannot read IP mode file for STMicroelectronics.X-CUBE-NFC6.3.0.0
2023-11-19 22:55:09,451 [WARN] PackLoader:240 - Cannot read IP mode file for STMicroelectronics.X-CUBE-EEPRMA1.4.1.0
2023-11-19 22:55:09,459 [WARN] PackLoader:240 - Cannot read IP mode file for STMicroelectronics.X-CUBE-AI.8.1.0
2023-11-19 22:55:09,501 [WARN] ConditionMgr:438 - getConditionDescription Invalid condition id : LAN8742 Phy interface Condition cause : null
2023-11-19 22:55:09,503 [WARN] PackLoader:240 - Cannot read IP mode file for STMicroelectronics.X-CUBE-AZRTOS-L4.2.0.0
2023-11-19 22:55:09,508 [WARN] ConditionMgr:1039 - genDependencies : Invalid condition id : LAN8742 Phy interface Condition cause : null
2023-11-19 22:55:09,509 [WARN] ConditionMgr:1039 - genDependencies : Invalid condition id : LAN8742 Phy interface Condition cause : null
2023-11-19 22:55:09,511 [WARN] ConditionMgr:1039 - genDependencies : Invalid condition id : LAN8742 Phy interface Condition cause : null
2023-11-19 22:55:09,551 [WARN] PackLoader:240 - Cannot read IP mode file for STMicroelectronics.X-CUBE-SFXS2LP1.4.0.0
2023-11-19 22:55:09,564 [WARN] PackLoader:240 - Cannot read IP mode file for STMicroelectronics.X-CUBE-ISPU.1.1.0
2023-11-19 22:55:09,587 [WARN] ConditionMgr:438 - getConditionDescription Invalid condition id : UX DEVICE CLASS RTOS Condition cause : null
2023-11-19 22:55:09,588 [WARN] ConditionMgr:438 - getConditionDescription Invalid condition id : UX DEVICE CLASS RTOS Condition cause : null
2023-11-19 22:55:09,596 [WARN] PackLoader:240 - Cannot read IP mode file for STMicroelectronics.X-CUBE-AZRTOS-WB.2.0.0
2023-11-19 22:55:09,598 [WARN] ConditionMgr:1039 - genDependencies : Invalid condition id : UX DEVICE CLASS RTOS Condition cause : null
2023-11-19 22:55:09,598 [WARN] ConditionMgr:1039 - genDependencies : Invalid condition id : UX DEVICE CLASS RTOS Condition cause : null
2023-11-19 22:55:09,600 [WARN] ConditionMgr:1039 - genDependencies : Invalid condition id : UX DEVICE CLASS RTOS Condition cause : null
2023-11-19 22:55:09,601 [WARN] ConditionMgr:1039 - genDependencies : Invalid condition id : UX DEVICE CLASS RTOS Condition cause : null
2023-11-19 22:55:09,601 [WARN] ConditionMgr:1039 - genDependencies : Invalid condition id : UX DEVICE CLASS RTOS Condition cause : null
2023-11-19 22:55:09,626 [WARN] PackLoader:240 - Cannot read IP mode file for STMicroelectronics.X-CUBE-SUBG2.5.0.0
2023-11-19 22:55:09,700 [WARN] PackLoader:240 - Cannot read IP mode file for STMicroelectronics.X-CUBE-TOF1.3.3.1
2023-11-19 22:55:09,762 [WARN] PackLoader:240 - Cannot read IP mode file for STMicroelectronics.X-CUBE-AZRTOS-G4.2.0.0
2023-11-19 22:55:09,802 [WARN] PackLoader:240 - Cannot read IP mode file for Infineon.AIROC-Wi-Fi-Bluetooth-STM32.1.5.1
2023-11-19 22:55:09,824 [WARN] PackLoader:240 - Cannot read IP mode file for STMicroelectronics.FP-SNS-MOTENVWB1.1.3.0
2023-11-19 22:55:09,942 [WARN] PackLoader:240 - Cannot read IP mode file for STMicroelectronics.X-CUBE-MEMS1.10.0.0
2023-11-19 22:55:10,205 [WARN] PackLoader:240 - Cannot read IP mode file for STMicroelectronics.X-CUBE-FREERTOS.1.1.0
2023-11-19 22:55:10,220 [WARN] PackLoader:240 - Cannot read IP mode file for portGmbH.I-Cube-SoM-uGOAL.1.1.0
2023-11-19 22:55:10,234 [WARN] PackLoader:240 - Cannot read IP mode file for STMicroelectronics.X-CUBE-ALS.1.0.1
2023-11-19 22:55:10,241 [WARN] PackLoader:240 - Cannot read IP mode file for STMicroelectronics.FP-ATR-ASTRA1.2.0.0
2023-11-19 22:55:10,247 [INFO] ThirdParty:978 - Integrity check success = true
2023-11-19 22:55:10,247 [INFO] IntegrityCheckThread:100 - exiting critical section [integrity check]
2023-11-19 22:55:10,247 [INFO] IntegrityCheckThread:103 - End integrity checks thread
2023-11-19 22:55:11,476 [INFO] WebApp:157 - Instantiating new browser for Auth
2023-11-19 22:55:13,108 [INFO] WebApp:753 - Register for checkConnection events
2023-11-19 22:55:13,109 [INFO] WebApp:390 - Apply proxy settings
2023-11-19 22:55:13,118 [INFO] WebApp:455 - Chromium authenticates against System proxy
2023-11-19 22:55:13,413 [INFO] WebApp:188 - Starting web application
2023-11-19 22:55:13,417 [INFO] WebApp:520 - Web application path used /Applications/STM32CubeIDE.app/Contents/Eclipse/plugins/com.st.stm32cube.common.mx_6.9.2.202309101412/db/plugins/mcufinder/reactClient1/index.html
2023-11-19 22:55:35,506 [ERROR] LogOutputStream:75 - [STDERR_REDIRECT] SLF4J: Failed to load class "org.slf4j.impl.StaticLoggerBinder".
2023-11-19 22:55:35,509 [ERROR] LogOutputStream:75 - [STDERR_REDIRECT] SLF4J: Defaulting to no-operation (NOP) logger implementation
2023-11-19 22:55:35,511 [ERROR] LogOutputStream:75 - [STDERR_REDIRECT] SLF4J: See http://www.slf4j.org/codes.html#StaticLoggerBinder for further details.
