2023-11-15 21:22:54,580 [INFO] Activator:176 - 


2023-11-15 21:22:54,587 [INFO] Activator:177 - !SESSION log4j initialized
2023-11-15 21:23:03,111 [ERROR] LogOutputStream:75 - [STDERR_REDIRECT] 
2023-11-15 21:23:04,412 [INFO] LogOutputStream:77 - [STDOUT_REDIRECT] 
2023-11-15 21:23:06,187 [INFO] LogOutputStream:77 - [STDOUT_REDIRECT] 
2023-11-15 21:23:08,842 [INFO] ApplicationProperties:184 - Using Application install path: /Applications/STM32CubeIDE.app/Contents/Eclipse/plugins/com.st.stm32cube.common.mx_6.9.2.202309101412
2023-11-15 21:23:08,862 [INFO] DbMcusXml:78 - Set database path to: /Applications/STM32CubeIDE.app/Contents/Eclipse/plugins/com.st.stm32cube.common.mx_6.9.2.202309101412//db//mcu/
2023-11-15 21:23:08,862 [INFO] ApiDb:274 - Set plugin database path to: /Applications/STM32CubeIDE.app/Contents/Eclipse/plugins/com.st.stm32cube.common.mx_6.9.2.202309101412//db//plugins/boardmanager/
2023-11-15 21:23:08,862 [WARN] ApiDb:259 - Overriding images path with different value:  => /Applications/STM32CubeIDE.app/Contents/Eclipse/plugins/com.st.stm32cube.common.mx_6.9.2.202309101412//db//plugins/mcufinder/images/
2023-11-15 21:23:08,882 [INFO] ApiDb:250 - Set database path to: /Users/stefan/.stmcufinder/plugins/mcufinder//mcu/
2023-11-15 21:23:08,884 [INFO] DbMcusAds:125 - Set database path to: /Users/stefan/.stmcufinder/plugins/mcufinder//mcu/
2023-11-15 21:23:08,886 [INFO] CrossReferenceDbSqlite:203 - Set database path to: /Users/stefan/.stmcufinder/plugins/mcufinder//mcu/cs/
2023-11-15 21:23:09,074 [INFO] RulesReader:64 - Compatibility file has been processed (293 Rules)
2023-11-15 21:23:09,169 [INFO] DbMcusXml:78 - Set database path to: /Applications/STM32CubeIDE.app/Contents/Eclipse/plugins/com.st.stm32cube.common.mx_6.9.2.202309101412//db//mcu/
2023-11-15 21:23:09,169 [INFO] ApiDb:274 - Set plugin database path to: /Applications/STM32CubeIDE.app/Contents/Eclipse/plugins/com.st.stm32cube.common.mx_6.9.2.202309101412//db//plugins/boardmanager/
2023-11-15 21:23:09,169 [INFO] ApiDb:261 - Set plugin images path to: /Applications/STM32CubeIDE.app/Contents/Eclipse/plugins/com.st.stm32cube.common.mx_6.9.2.202309101412//db//plugins/mcufinder/images/
2023-11-15 21:23:09,170 [WARN] DbFile:41 - Overriding database path with different value: /Users/stefan/.stmcufinder/plugins/mcufinder/ => /Users/stefan/.stmcufinder/plugins/mcufinder
2023-11-15 21:23:09,170 [INFO] ApiDb:250 - Set database path to: /Users/stefan/.stmcufinder/plugins/mcufinder//mcu/
2023-11-15 21:23:09,170 [WARN] DbFile:41 - Overriding database path with different value: /Users/stefan/.stmcufinder/plugins/mcufinder/ => /Users/stefan/.stmcufinder/plugins/mcufinder
2023-11-15 21:23:09,170 [INFO] DbMcusAds:125 - Set database path to: /Users/stefan/.stmcufinder/plugins/mcufinder//mcu/
2023-11-15 21:23:09,171 [WARN] DbFile:41 - Overriding database path with different value: /Users/stefan/.stmcufinder/plugins/mcufinder/ => /Users/stefan/.stmcufinder/plugins/mcufinder
2023-11-15 21:23:09,172 [WARN] DbFile:41 - Overriding database path with different value: /Users/stefan/.stmcufinder/plugins/mcufinder/ => /Users/stefan/.stmcufinder/plugins/mcufinder
2023-11-15 21:23:09,173 [INFO] CrossReferenceDbSqlite:203 - Set database path to: /Users/stefan/.stmcufinder/plugins/mcufinder//mcu/cs/
2023-11-15 21:23:09,281 [INFO] MainPanel:262 - HeapMemory: 268435456
2023-11-15 21:23:09,402 [INFO] DbMcusXml:78 - Set database path to: /Applications/STM32CubeIDE.app/Contents/Eclipse/plugins/com.st.stm32cube.common.mx_6.9.2.202309101412//db//mcu/
2023-11-15 21:23:09,402 [INFO] ApiDb:274 - Set plugin database path to: /Applications/STM32CubeIDE.app/Contents/Eclipse/plugins/com.st.stm32cube.common.mx_6.9.2.202309101412//db//plugins/boardmanager/
2023-11-15 21:23:09,402 [INFO] ApiDb:261 - Set plugin images path to: /Applications/STM32CubeIDE.app/Contents/Eclipse/plugins/com.st.stm32cube.common.mx_6.9.2.202309101412//db//plugins/mcufinder/images/
2023-11-15 21:23:09,403 [WARN] DbFile:41 - Overriding database path with different value: /Users/stefan/.stmcufinder/plugins/mcufinder/ => /Users/stefan/.stmcufinder/plugins/mcufinder
2023-11-15 21:23:09,403 [INFO] ApiDb:250 - Set database path to: /Users/stefan/.stmcufinder/plugins/mcufinder//mcu/
2023-11-15 21:23:09,403 [WARN] DbFile:41 - Overriding database path with different value: /Users/stefan/.stmcufinder/plugins/mcufinder/ => /Users/stefan/.stmcufinder/plugins/mcufinder
2023-11-15 21:23:09,403 [INFO] DbMcusAds:125 - Set database path to: /Users/stefan/.stmcufinder/plugins/mcufinder//mcu/
2023-11-15 21:23:09,403 [WARN] DbFile:41 - Overriding database path with different value: /Users/stefan/.stmcufinder/plugins/mcufinder/ => /Users/stefan/.stmcufinder/plugins/mcufinder
2023-11-15 21:23:09,403 [WARN] DbFile:41 - Overriding database path with different value: /Users/stefan/.stmcufinder/plugins/mcufinder/ => /Users/stefan/.stmcufinder/plugins/mcufinder
2023-11-15 21:23:09,403 [INFO] CrossReferenceDbSqlite:203 - Set database path to: /Users/stefan/.stmcufinder/plugins/mcufinder//mcu/cs/
2023-11-15 21:23:09,427 [INFO] ApplicationProperties:184 - Using Application install path: /Applications/STM32CubeIDE.app/Contents/Eclipse/plugins/com.st.stm32cube.common.mx_6.9.2.202309101412
2023-11-15 21:23:09,428 [INFO] PluginManage:196 - Search for loadable plugins [exclusion list=, ]
2023-11-15 21:23:09,432 [INFO] PluginManage:310 - Check plugin analytics
2023-11-15 21:23:09,728 [INFO] AnalyticsPlugin:253 - Accepted Software Licenses: 
2023-11-15 21:23:09,729 [INFO] AnalyticsPlugin:255 - Accepted CMSIS Pack Licenses: 
2023-11-15 21:23:09,729 [INFO] AnalyticsPlugin:257 - Accepted Firmware Licenses: FW.F4.1.27.0
2023-11-15 21:23:09,733 [INFO] PluginManage:359 - Loaded plugin analytics (category:tool,tabindex:-1)
2023-11-15 21:23:09,735 [INFO] PluginManage:310 - Check plugin cadmodel
2023-11-15 21:23:10,299 [INFO] CADModel:105 - Init CAD model plugin
2023-11-15 21:23:10,299 [INFO] PluginManage:359 - Loaded plugin cadmodel (category:power,tabindex:5)
2023-11-15 21:23:10,300 [INFO] PluginManage:310 - Check plugin clock
2023-11-15 21:23:10,319 [INFO] PluginManage:359 - Loaded plugin clock (category:base,tabindex:2)
2023-11-15 21:23:10,320 [INFO] PluginManage:310 - Check plugin ddr
2023-11-15 21:23:10,322 [INFO] PluginManage:359 - Loaded plugin ddr (category:tool,tabindex:6)
2023-11-15 21:23:10,323 [INFO] PluginManage:310 - Check plugin filemanager
2023-11-15 21:23:10,517 [INFO] PluginManage:359 - Loaded plugin filemanager (category:base,tabindex:10)
2023-11-15 21:23:10,518 [INFO] PluginManage:310 - Check plugin ipmanager
2023-11-15 21:23:10,534 [INFO] PluginManage:359 - Loaded plugin ipmanager (category:base,tabindex:5)
2023-11-15 21:23:10,534 [INFO] PluginManage:310 - Check plugin lpbam
2023-11-15 21:23:10,546 [INFO] PluginManage:359 - Loaded plugin lpbam (category:base,tabindex:0)
2023-11-15 21:23:10,546 [INFO] PluginManage:310 - Check plugin memorymap
2023-11-15 21:23:10,560 [INFO] PluginManage:359 - Loaded plugin memorymap (category:base,tabindex:4)
2023-11-15 21:23:10,560 [INFO] PluginManage:310 - Check plugin pinoutandconfiguration
2023-11-15 21:23:10,568 [INFO] PluginManage:359 - Loaded plugin pinoutandconfiguration (category:base,tabindex:1)
2023-11-15 21:23:10,568 [INFO] PluginManage:310 - Check plugin pinoutconfig
2023-11-15 21:23:10,679 [WARN] SupportedApi:132 - Cannot load RTOS API schema: s4s-elt-must-match.1: The content of 'definitions' must match (annotation?, (simpleType | complexType)?, (unique | key | keyref)*)). A problem was found starting at: attribute.
2023-11-15 21:23:10,915 [INFO] PluginManage:359 - Loaded plugin pinoutconfig (category:base,tabindex:0)
2023-11-15 21:23:10,916 [INFO] PluginManage:310 - Check plugin power
2023-11-15 21:23:10,928 [INFO] PluginManage:359 - Loaded plugin power (category:power,tabindex:4)
2023-11-15 21:23:10,929 [INFO] PluginManage:310 - Check plugin projectmanager
2023-11-15 21:23:10,964 [INFO] PluginManage:359 - Loaded plugin projectmanager (category:projectmanager,tabindex:3)
2023-11-15 21:23:10,965 [INFO] PluginManage:310 - Check plugin thirdparty
2023-11-15 21:23:11,185 [INFO] PluginManage:359 - Loaded plugin thirdparty (category:base,tabindex:-1)
2023-11-15 21:23:11,185 [INFO] PluginManage:310 - Check plugin tools
2023-11-15 21:23:11,185 [WARN] IntegrityCheckThread:84 - waiting for thirdparty lock release [integrity check]
2023-11-15 21:23:11,187 [INFO] IntegrityCheckThread:86 - entering critical section [integrity check]
2023-11-15 21:23:11,188 [INFO] PluginManage:359 - Loaded plugin tools (category:base,tabindex:7)
2023-11-15 21:23:11,188 [INFO] ThirdPartyUpdaterWithRetryManager:70 - Updater plugin not ready yet. [1/15]
2023-11-15 21:23:11,189 [INFO] PluginManage:310 - Check plugin tutovideos
2023-11-15 21:23:11,473 [INFO] PluginManage:359 - Loaded plugin tutovideos (category:base,tabindex:-1)
2023-11-15 21:23:11,476 [INFO] PluginManage:310 - Check plugin updater
2023-11-15 21:23:11,521 [INFO] PluginManage:359 - Loaded plugin updater (category:base,tabindex:12)
2023-11-15 21:23:11,522 [INFO] PluginManage:310 - Check plugin userauth
2023-11-15 21:23:11,536 [INFO] UserAuth:113 - Init User Auth plugin
2023-11-15 21:23:11,537 [INFO] PluginManage:359 - Loaded plugin userauth (category:base,tabindex:14)
2023-11-15 21:23:11,538 [INFO] PluginManage:283 - PluginManage : Loaded plugins [17]
2023-11-15 21:23:11,877 [INFO] PinOutPanel:1499 - setPackage(No Configuration,No Configuration)
2023-11-15 21:23:12,022 [INFO] CADModel:165 - CPN selected for project level
2023-11-15 21:23:12,022 [INFO] CADModel:114 - Register for checkConnection events
2023-11-15 21:23:12,040 [INFO] IPUIPlugin:80 - create IPUIPlugin
2023-11-15 21:23:12,041 [INFO] PluginManager:220 - loadIPPluginJar : add mdma
2023-11-15 21:23:12,048 [INFO] IPUIPlugin:80 - create IPUIPlugin
2023-11-15 21:23:12,049 [INFO] PluginManager:220 - loadIPPluginJar : add freertos
2023-11-15 21:23:12,053 [INFO] IPUIPlugin:80 - create IPUIPlugin
2023-11-15 21:23:12,054 [INFO] PluginManager:220 - loadIPPluginJar : add gic
2023-11-15 21:23:12,064 [INFO] IPUIPlugin:80 - create IPUIPlugin
2023-11-15 21:23:12,064 [INFO] PluginManager:220 - loadIPPluginJar : add adc
2023-11-15 21:23:12,068 [INFO] IPUIPlugin:80 - create IPUIPlugin
2023-11-15 21:23:12,068 [INFO] PluginManager:220 - loadIPPluginJar : add gtzc
2023-11-15 21:23:12,069 [INFO] IPUIPlugin:80 - create IPUIPlugin
2023-11-15 21:23:12,070 [INFO] PluginManager:220 - loadIPPluginJar : add quadspi
2023-11-15 21:23:12,072 [INFO] IPUIPlugin:80 - create IPUIPlugin
2023-11-15 21:23:12,072 [INFO] PluginManager:220 - loadIPPluginJar : add aes
2023-11-15 21:23:12,083 [INFO] IPUIPlugin:80 - create IPUIPlugin
2023-11-15 21:23:12,083 [INFO] PluginManager:220 - loadIPPluginJar : add pdm2pcm
2023-11-15 21:23:12,085 [INFO] IPUIPlugin:80 - create IPUIPlugin
2023-11-15 21:23:12,085 [INFO] PluginManager:220 - loadIPPluginJar : add hash
2023-11-15 21:23:12,086 [INFO] IPUIPlugin:80 - create IPUIPlugin
2023-11-15 21:23:12,087 [INFO] PluginManager:220 - loadIPPluginJar : add tim
2023-11-15 21:23:12,088 [INFO] IPUIPlugin:80 - create IPUIPlugin
2023-11-15 21:23:12,088 [INFO] PluginManager:220 - loadIPPluginJar : add tsc
2023-11-15 21:23:12,089 [INFO] IPUIPlugin:80 - create IPUIPlugin
2023-11-15 21:23:12,090 [INFO] PluginManager:220 - loadIPPluginJar : add ts
2023-11-15 21:23:12,093 [INFO] IPUIPlugin:80 - create IPUIPlugin
2023-11-15 21:23:12,094 [INFO] PluginManager:220 - loadIPPluginJar : add can
2023-11-15 21:23:12,097 [INFO] IPUIPlugin:80 - create IPUIPlugin
2023-11-15 21:23:12,097 [INFO] PluginManager:220 - loadIPPluginJar : add dma3
2023-11-15 21:23:12,099 [INFO] IPUIPlugin:80 - create IPUIPlugin
2023-11-15 21:23:12,099 [INFO] PluginManager:220 - loadIPPluginJar : add dfsdm
2023-11-15 21:23:12,101 [INFO] IPUIPlugin:80 - create IPUIPlugin
2023-11-15 21:23:12,101 [INFO] PluginManager:220 - loadIPPluginJar : add spi
2023-11-15 21:23:12,103 [INFO] IPUIPlugin:80 - create IPUIPlugin
2023-11-15 21:23:12,103 [INFO] PluginManager:220 - loadIPPluginJar : add gfxmmu
2023-11-15 21:23:12,104 [INFO] IPUIPlugin:80 - create IPUIPlugin
2023-11-15 21:23:12,104 [INFO] PluginManager:220 - loadIPPluginJar : add genericplugin
2023-11-15 21:23:12,106 [INFO] IPUIPlugin:80 - create IPUIPlugin
2023-11-15 21:23:12,106 [INFO] PluginManager:220 - loadIPPluginJar : add cryp
2023-11-15 21:23:12,113 [INFO] IPUIPlugin:80 - create IPUIPlugin
2023-11-15 21:23:12,113 [INFO] PluginManager:220 - loadIPPluginJar : add gpio
2023-11-15 21:23:12,116 [INFO] IPUIPlugin:80 - create IPUIPlugin
2023-11-15 21:23:12,116 [INFO] PluginManager:220 - loadIPPluginJar : add comp
2023-11-15 21:23:12,120 [INFO] IPUIPlugin:80 - create IPUIPlugin
2023-11-15 21:23:12,120 [INFO] PluginManager:220 - loadIPPluginJar : add tracer_emb
2023-11-15 21:23:12,123 [INFO] IPUIPlugin:80 - create IPUIPlugin
2023-11-15 21:23:12,123 [INFO] PluginManager:220 - loadIPPluginJar : add openamp
2023-11-15 21:23:12,127 [INFO] IPUIPlugin:80 - create IPUIPlugin
2023-11-15 21:23:12,127 [INFO] PluginManager:220 - loadIPPluginJar : add stm32_wpan
2023-11-15 21:23:12,132 [INFO] IPUIPlugin:80 - create IPUIPlugin
2023-11-15 21:23:12,137 [INFO] PluginManager:220 - loadIPPluginJar : add plateformsettings
2023-11-15 21:23:12,144 [INFO] IPUIPlugin:80 - create IPUIPlugin
2023-11-15 21:23:12,144 [INFO] PluginManager:220 - loadIPPluginJar : add ipddr
2023-11-15 21:23:12,146 [INFO] IPUIPlugin:80 - create IPUIPlugin
2023-11-15 21:23:12,146 [INFO] PluginManager:220 - loadIPPluginJar : add usart
2023-11-15 21:23:12,147 [INFO] IPUIPlugin:80 - create IPUIPlugin
2023-11-15 21:23:12,147 [INFO] PluginManager:220 - loadIPPluginJar : add ltdc
2023-11-15 21:23:12,151 [INFO] IPUIPlugin:80 - create IPUIPlugin
2023-11-15 21:23:12,151 [INFO] PluginManager:220 - loadIPPluginJar : add nvic
2023-11-15 21:23:12,153 [INFO] IPUIPlugin:80 - create IPUIPlugin
2023-11-15 21:23:12,153 [INFO] PluginManager:220 - loadIPPluginJar : add fatfs
2023-11-15 21:23:12,160 [INFO] IPUIPlugin:80 - create IPUIPlugin
2023-11-15 21:23:12,160 [INFO] PluginManager:220 - loadIPPluginJar : add linkedlist
2023-11-15 21:23:12,165 [INFO] IPUIPlugin:80 - create IPUIPlugin
2023-11-15 21:23:12,165 [INFO] PluginManager:220 - loadIPPluginJar : add dma
2023-11-15 21:23:12,169 [INFO] IPUIPlugin:80 - create IPUIPlugin
2023-11-15 21:23:12,169 [INFO] PluginManager:220 - loadIPPluginJar : add fmc
2023-11-15 21:23:12,171 [INFO] IPUIPlugin:80 - create IPUIPlugin
2023-11-15 21:23:12,171 [INFO] PluginManager:220 - loadIPPluginJar : add i2s
2023-11-15 21:23:12,172 [INFO] IPUIPlugin:80 - create IPUIPlugin
2023-11-15 21:23:12,172 [INFO] PluginManager:220 - loadIPPluginJar : add ucpd
2023-11-15 21:23:12,174 [INFO] IPUIPlugin:80 - create IPUIPlugin
2023-11-15 21:23:12,175 [INFO] PluginManager:220 - loadIPPluginJar : add lorawan
2023-11-15 21:23:12,177 [INFO] IPUIPlugin:80 - create IPUIPlugin
2023-11-15 21:23:12,177 [INFO] PluginManager:220 - loadIPPluginJar : add opamp
2023-11-15 21:23:12,179 [INFO] IPUIPlugin:80 - create IPUIPlugin
2023-11-15 21:23:12,180 [INFO] PluginManager:220 - loadIPPluginJar : add i3c
2023-11-15 21:23:12,184 [INFO] IPUIPlugin:80 - create IPUIPlugin
2023-11-15 21:23:12,184 [INFO] PluginManager:220 - loadIPPluginJar : add touchsensing
2023-11-15 21:23:12,187 [INFO] IPUIPlugin:80 - create IPUIPlugin
2023-11-15 21:23:12,187 [INFO] PluginManager:220 - loadIPPluginJar : add i2c
2023-11-15 21:23:12,190 [INFO] IPUIPlugin:80 - create IPUIPlugin
2023-11-15 21:23:12,190 [INFO] PluginManager:220 - loadIPPluginJar : add resmgrutility
2023-11-15 21:23:12,194 [INFO] IPUIPlugin:80 - create IPUIPlugin
2023-11-15 21:23:12,194 [INFO] PluginManager:220 - loadIPPluginJar : add sai
2023-11-15 21:23:12,197 [INFO] IPUIPlugin:80 - create IPUIPlugin
2023-11-15 21:23:12,198 [INFO] PluginManager:220 - loadIPPluginJar : add usbx
2023-11-15 21:23:12,333 [INFO] CADModel:165 - CPN selected for project level
2023-11-15 21:23:12,334 [INFO] CADModel:114 - Register for checkConnection events
2023-11-15 21:23:12,334 [FATAL] Updater:308 - Updater called before beeing initialized
2023-11-15 21:23:12,334 [ERROR] CADModel:125 - Updater not yet initialized, retry later 
2023-11-15 21:23:12,684 [INFO] CADModel:165 - CPN selected for project level
2023-11-15 21:23:12,684 [INFO] CADModel:114 - Register for checkConnection events
2023-11-15 21:23:12,685 [FATAL] Updater:308 - Updater called before beeing initialized
2023-11-15 21:23:12,685 [ERROR] CADModel:125 - Updater not yet initialized, retry later 
2023-11-15 21:23:12,689 [FATAL] Updater:308 - Updater called before beeing initialized
2023-11-15 21:23:13,017 [FATAL] Updater:308 - Updater called before beeing initialized
2023-11-15 21:23:13,033 [INFO] DbMcusAds:53 - JSON generation date=Tue Mar 07 03:50:55 EST 2023 (1678179055335)
2023-11-15 21:23:13,033 [FATAL] Updater:308 - Updater called before beeing initialized
2023-11-15 21:23:13,200 [WARN] DetailPanel:346 - Failed to get advertising image, set to default
2023-11-15 21:23:13,330 [FATAL] Updater:308 - Updater called before beeing initialized
2023-11-15 21:23:13,332 [FATAL] Updater:308 - Updater called before beeing initialized
2023-11-15 21:23:13,332 [FATAL] Updater:308 - Updater called before beeing initialized
2023-11-15 21:23:13,332 [WARN] DetailPanel:346 - Failed to get advertising image, set to default
2023-11-15 21:23:13,335 [FATAL] Updater:308 - Updater called before beeing initialized
2023-11-15 21:23:13,452 [ERROR] Updater:1120 - MainUpdater not yet initialized. External WinMGr cannot be set.
2023-11-15 21:23:13,510 [INFO] Updater:1056 - Updater Version found : 6.9.2
2023-11-15 21:23:13,530 [INFO] ApplicationProperties:184 - Using Application install path: /Applications/STM32CubeIDE.app/Contents/Eclipse/plugins/com.st.stm32cube.common.mx_6.9.2.202309101412
2023-11-15 21:23:13,830 [INFO] MainUpdater:2868 - connection check result : 10
2023-11-15 21:23:13,831 [INFO] MainUpdater:285 - Updater Check For Update Now.
2023-11-15 21:23:13,831 [INFO] MicroXplorer:498 - Change Database Version : DB.6.0.92
2023-11-15 21:23:13,844 [INFO] McuFinderGlobals:63 - Set McuFinder mode to 2 (CubeIDE integrated)
2023-11-15 21:23:13,845 [INFO] UserAuth:179 - activating auth plugin
2023-11-15 21:23:13,856 [INFO] UserAuth:393 - Internet connection configuration mode: 1
2023-11-15 21:23:13,874 [INFO] JxBrowserEngine:151 - Initiate JxBrowser Engine with user profile folder
2023-11-15 21:23:14,143 [INFO] CheckServerUpdateThread:120 - End of CheckServer Thread
2023-11-15 21:23:14,396 [WARN] PackLoader:240 - Cannot read IP mode file for STMicroelectronics.X-CUBE-SMBUS.2.1.0
2023-11-15 21:23:14,478 [WARN] PackLoader:240 - Cannot read IP mode file for STMicroelectronics.X-CUBE-AZRTOS-F7.1.1.0
2023-11-15 21:23:14,524 [WARN] PackLoader:240 - Cannot read IP mode file for STMicroelectronics.FP-SNS-MOTENV1.4.3.2
2023-11-15 21:23:14,559 [WARN] PackLoader:240 - Cannot read IP mode file for STMicroelectronics.FP-SNS-FLIGHT1.5.0.2
2023-11-15 21:23:14,584 [WARN] PackLoader:240 - Cannot read IP mode file for STMicroelectronics.X-CUBE-DISPLAY.3.0.0
2023-11-15 21:23:14,616 [WARN] PackLoader:240 - Cannot read IP mode file for STMicroelectronics.X-CUBE-BLE1.7.0.0
2023-11-15 21:23:14,653 [WARN] PackLoader:240 - Cannot read IP mode file for emotas.I-CUBE-CANOPEN.1.3.0
2023-11-15 21:23:14,670 [WARN] PackLoader:240 - Cannot read IP mode file for STMicroelectronics.X-CUBE-TOUCHGFX.4.22.1
2023-11-15 21:23:14,687 [WARN] PackLoader:240 - Cannot read IP mode file for STMicroelectronics.FP-SNS-SMARTAG2.1.2.0
2023-11-15 21:23:14,712 [INFO] LogOutputStream:77 - [STDOUT_REDIRECT] 1 : Invalid condition id : UX_CORESTACK_Condition cause : null
2023-11-15 21:23:14,714 [INFO] LogOutputStream:77 - [STDOUT_REDIRECT] 1 : Invalid condition id : UX_CORESTACK_Condition cause : null
2023-11-15 21:23:14,714 [INFO] LogOutputStream:77 - [STDOUT_REDIRECT] 1 : Invalid condition id : UX_CORESTACK_Condition cause : null
2023-11-15 21:23:14,715 [INFO] LogOutputStream:77 - [STDOUT_REDIRECT] 1 : Invalid condition id : UX_CORESTACK_Condition cause : null
2023-11-15 21:23:14,715 [INFO] LogOutputStream:77 - [STDOUT_REDIRECT] 1 : Invalid condition id : UX_CORESTACK_Condition cause : null
2023-11-15 21:23:14,729 [WARN] PackLoader:240 - Cannot read IP mode file for STMicroelectronics.X-CUBE-AZRTOS-WL.2.0.0
2023-11-15 21:23:14,778 [WARN] PackLoader:240 - Cannot read IP mode file for WES.I-CUBE-Cesium.1.3.0
2023-11-15 21:23:14,802 [WARN] PackLoader:240 - Cannot read IP mode file for STMicroelectronics.X-CUBE-BLE2.3.3.0
2023-11-15 21:23:14,854 [WARN] PackLoader:240 - Cannot read IP mode file for STMicroelectronics.X-CUBE-ALGOBUILD.1.3.0
2023-11-15 21:23:14,908 [WARN] PackLoader:240 - Cannot read IP mode file for STMicroelectronics.X-CUBE-AZRTOS-G0.1.1.0
2023-11-15 21:23:14,940 [WARN] PackLoader:240 - Cannot read IP mode file for STMicroelectronics.X-CUBE-NFC4.3.0.0
2023-11-15 21:23:15,004 [WARN] PackLoader:240 - Cannot read IP mode file for STMicroelectronics.X-CUBE-BLEMGR.3.0.0
2023-11-15 21:23:15,028 [WARN] PackLoader:240 - Cannot read IP mode file for STMicroelectronics.FP-ATR-SIGFOX1.3.2.0
2023-11-15 21:23:15,180 [WARN] PackLoader:240 - Cannot read IP mode file for SEGGER.I-CUBE-embOS.1.3.1
2023-11-15 21:23:15,353 [WARN] PackLoader:240 - Cannot read IP mode file for STMicroelectronics.X-CUBE-GNSS1.6.0.0
2023-11-15 21:23:15,411 [WARN] PackLoader:240 - Cannot read IP mode file for STMicroelectronics.X-CUBE-AZRTOS-F4.1.1.0
2023-11-15 21:23:15,425 [WARN] PackLoader:240 - Cannot read IP mode file for wolfSSL.I-CUBE-wolfSSL.5.6.3
2023-11-15 21:23:15,469 [WARN] PackLoader:240 - Cannot read IP mode file for STMicroelectronics.X-CUBE-AZRTOS-L5.2.0.0
2023-11-15 21:23:15,496 [WARN] PackLoader:240 - Cannot read IP mode file for STMicroelectronics.X-CUBE-EEPRMA1.4.2.0
2023-11-15 21:23:15,510 [WARN] PackLoader:240 - Cannot read IP mode file for ITTIA_DB.I-CUBE-ITTIADB.8.8.0
2023-11-15 21:23:15,531 [WARN] PackLoader:240 - Cannot read IP mode file for STMicroelectronics.X-CUBE-BLEMGR.2.0.0
2023-11-15 21:23:15,646 [WARN] ConditionMgr:438 - getConditionDescription Invalid condition id : UX DEVICE CLASS RTOS Condition cause : null
2023-11-15 21:23:15,650 [WARN] ConditionMgr:438 - getConditionDescription Invalid condition id : UX DEVICE CLASS RTOS Condition cause : null
2023-11-15 21:23:15,662 [WARN] PackLoader:240 - Cannot read IP mode file for STMicroelectronics.X-CUBE-AZRTOS-H7.3.1.0
2023-11-15 21:23:15,672 [WARN] ConditionMgr:1039 - genDependencies : Invalid condition id : UX DEVICE CLASS RTOS Condition cause : null
2023-11-15 21:23:15,673 [WARN] ConditionMgr:1039 - genDependencies : Invalid condition id : UX DEVICE CLASS RTOS Condition cause : null
2023-11-15 21:23:15,675 [WARN] ConditionMgr:1039 - genDependencies : Invalid condition id : UX DEVICE CLASS RTOS Condition cause : null
2023-11-15 21:23:15,676 [WARN] ConditionMgr:1039 - genDependencies : Invalid condition id : UX DEVICE CLASS RTOS Condition cause : null
2023-11-15 21:23:15,676 [WARN] ConditionMgr:1039 - genDependencies : Invalid condition id : UX DEVICE CLASS RTOS Condition cause : null
2023-11-15 21:23:15,720 [WARN] PackLoader:240 - Cannot read IP mode file for STMicroelectronics.X-CUBE-NFC7.1.0.1
2023-11-15 21:23:15,766 [WARN] PackLoader:240 - Cannot read IP mode file for STMicroelectronics.X-CUBE-NFC6.3.0.0
2023-11-15 21:23:15,787 [WARN] PackLoader:240 - Cannot read IP mode file for STMicroelectronics.X-CUBE-EEPRMA1.4.1.0
2023-11-15 21:23:15,805 [WARN] PackLoader:240 - Cannot read IP mode file for STMicroelectronics.X-CUBE-AI.8.1.0
2023-11-15 21:23:15,844 [WARN] ConditionMgr:438 - getConditionDescription Invalid condition id : LAN8742 Phy interface Condition cause : null
2023-11-15 21:23:15,846 [WARN] PackLoader:240 - Cannot read IP mode file for STMicroelectronics.X-CUBE-AZRTOS-L4.2.0.0
2023-11-15 21:23:15,857 [WARN] ConditionMgr:1039 - genDependencies : Invalid condition id : LAN8742 Phy interface Condition cause : null
2023-11-15 21:23:15,858 [WARN] ConditionMgr:1039 - genDependencies : Invalid condition id : LAN8742 Phy interface Condition cause : null
2023-11-15 21:23:15,860 [WARN] ConditionMgr:1039 - genDependencies : Invalid condition id : LAN8742 Phy interface Condition cause : null
2023-11-15 21:23:15,886 [WARN] PackLoader:240 - Cannot read IP mode file for STMicroelectronics.X-CUBE-SFXS2LP1.4.0.0
2023-11-15 21:23:15,896 [WARN] PackLoader:240 - Cannot read IP mode file for STMicroelectronics.X-CUBE-ISPU.1.1.0
2023-11-15 21:23:15,917 [WARN] ConditionMgr:438 - getConditionDescription Invalid condition id : UX DEVICE CLASS RTOS Condition cause : null
2023-11-15 21:23:15,918 [WARN] ConditionMgr:438 - getConditionDescription Invalid condition id : UX DEVICE CLASS RTOS Condition cause : null
2023-11-15 21:23:15,924 [WARN] PackLoader:240 - Cannot read IP mode file for STMicroelectronics.X-CUBE-AZRTOS-WB.2.0.0
2023-11-15 21:23:15,931 [WARN] ConditionMgr:1039 - genDependencies : Invalid condition id : UX DEVICE CLASS RTOS Condition cause : null
2023-11-15 21:23:15,931 [WARN] ConditionMgr:1039 - genDependencies : Invalid condition id : UX DEVICE CLASS RTOS Condition cause : null
2023-11-15 21:23:15,933 [WARN] ConditionMgr:1039 - genDependencies : Invalid condition id : UX DEVICE CLASS RTOS Condition cause : null
2023-11-15 21:23:15,933 [WARN] ConditionMgr:1039 - genDependencies : Invalid condition id : UX DEVICE CLASS RTOS Condition cause : null
2023-11-15 21:23:15,934 [WARN] ConditionMgr:1039 - genDependencies : Invalid condition id : UX DEVICE CLASS RTOS Condition cause : null
2023-11-15 21:23:15,968 [WARN] PackLoader:240 - Cannot read IP mode file for STMicroelectronics.X-CUBE-SUBG2.5.0.0
2023-11-15 21:23:16,013 [WARN] PackLoader:240 - Cannot read IP mode file for STMicroelectronics.X-CUBE-TOF1.3.3.1
2023-11-15 21:23:16,102 [WARN] PackLoader:240 - Cannot read IP mode file for STMicroelectronics.X-CUBE-AZRTOS-G4.2.0.0
2023-11-15 21:23:16,172 [WARN] PackLoader:240 - Cannot read IP mode file for Infineon.AIROC-Wi-Fi-Bluetooth-STM32.1.5.1
2023-11-15 21:23:16,195 [WARN] PackLoader:240 - Cannot read IP mode file for STMicroelectronics.FP-SNS-MOTENVWB1.1.3.0
2023-11-15 21:23:16,379 [WARN] PackLoader:240 - Cannot read IP mode file for STMicroelectronics.X-CUBE-MEMS1.10.0.0
2023-11-15 21:23:16,620 [WARN] PackLoader:240 - Cannot read IP mode file for STMicroelectronics.X-CUBE-FREERTOS.1.1.0
2023-11-15 21:23:16,638 [WARN] PackLoader:240 - Cannot read IP mode file for portGmbH.I-Cube-SoM-uGOAL.1.1.0
2023-11-15 21:23:16,650 [WARN] PackLoader:240 - Cannot read IP mode file for STMicroelectronics.X-CUBE-ALS.1.0.1
2023-11-15 21:23:16,655 [WARN] PackLoader:240 - Cannot read IP mode file for STMicroelectronics.FP-ATR-ASTRA1.2.0.0
2023-11-15 21:23:16,666 [INFO] ThirdParty:978 - Integrity check success = true
2023-11-15 21:23:16,667 [INFO] IntegrityCheckThread:100 - exiting critical section [integrity check]
2023-11-15 21:23:16,669 [INFO] IntegrityCheckThread:103 - End integrity checks thread
2023-11-15 21:23:22,982 [INFO] WebApp:157 - Instantiating new browser for Auth
2023-11-15 21:23:24,508 [INFO] WebApp:753 - Register for checkConnection events
2023-11-15 21:23:24,510 [INFO] WebApp:390 - Apply proxy settings
2023-11-15 21:23:24,539 [INFO] WebApp:455 - Chromium authenticates against System proxy
2023-11-15 21:23:24,803 [INFO] WebApp:188 - Starting web application
2023-11-15 21:23:24,803 [INFO] WebApp:520 - Web application path used /Applications/STM32CubeIDE.app/Contents/Eclipse/plugins/com.st.stm32cube.common.mx_6.9.2.202309101412/db/plugins/mcufinder/reactClient1/index.html
2023-11-15 21:23:47,096 [ERROR] LogOutputStream:75 - [STDERR_REDIRECT] SLF4J: Failed to load class "org.slf4j.impl.StaticLoggerBinder".
2023-11-15 21:23:47,098 [ERROR] LogOutputStream:75 - [STDERR_REDIRECT] SLF4J: Defaulting to no-operation (NOP) logger implementation
2023-11-15 21:23:47,099 [ERROR] LogOutputStream:75 - [STDERR_REDIRECT] SLF4J: See http://www.slf4j.org/codes.html#StaticLoggerBinder for further details.
